#
# There is insufficient memory for the Java Runtime Environment to continue.
# Native memory allocation (malloc) failed to allocate 32744 bytes. Error detail: Chunk::new
# Possible reasons:
#   The system is out of physical RAM or swap space
#   This process is running with CompressedOops enabled, and the Java Heap may be blocking the growth of the native heap
# Possible solutions:
#   Reduce memory load on the system
#   Increase physical memory or swap space
#   Check if swap backing store is full
#   Decrease Java heap size (-Xmx/-Xms)
#   Decrease number of Java threads
#   Decrease Java thread stack sizes (-Xss)
#   Set larger code cache with -XX:ReservedCodeCacheSize=
#   JVM is running with Unscaled Compressed Oops mode in which the Java heap is
#     placed in the first 4GB address space. The Java Heap base address is the
#     maximum limit for the native heap growth. Please use -XX:HeapBaseMinAddress
#     to set the Java Heap base and to place the Java Heap above 4GB virtual address.
# This output file may be truncated or incomplete.
#
#  Out of Memory Error (arena.cpp:168), pid=18440, tid=16872
#
# JRE version: OpenJDK Runtime Environment Temurin-21.0.10+7 (21.0.10+7) (build 21.0.10+7-LTS)
# Java VM: OpenJDK 64-Bit Server VM Temurin-21.0.10+7 (21.0.10+7-LTS, mixed mode, sharing, tiered, compressed oops, compressed class ptrs, parallel gc, windows-amd64)
# No core dump will be written. Minidumps are not enabled by default on client versions of Windows
#

---------------  S U M M A R Y ------------

Command Line: --add-modules=ALL-SYSTEM --add-opens=java.base/java.util=ALL-UNNAMED --add-opens=java.base/java.lang=ALL-UNNAMED --add-opens=java.base/sun.nio.fs=ALL-UNNAMED -Declipse.application=org.eclipse.jdt.ls.core.id1 -Dosgi.bundles.defaultStartLevel=4 -Declipse.product=org.eclipse.jdt.ls.core.product -Djava.import.generatesMetadataFilesAtProjectRoot=false -DDetectVMInstallationsJob.disabled=true -Dfile.encoding=utf8 -XX:+UseParallelGC -XX:GCTimeRatio=4 -XX:AdaptiveSizePolicyWeight=90 -Dsun.zip.disableMemoryMapping=true -Xmx2G -Xms100m -Xlog:disable -javaagent:c:\Users\HP\.vscode\extensions\redhat.java-1.53.0-win32-x64\lombok\lombok-1.18.39-4050.jar -XX:+HeapDumpOnOutOfMemoryError -XX:HeapDumpPath=c:\Users\HP\AppData\Roaming\Code\User\workspaceStorage\00f7675852a983da2a4f8b6830971500\redhat.java -Daether.dependencyCollector.impl=bf c:\Users\HP\.vscode\extensions\redhat.java-1.53.0-win32-x64\server\plugins\org.eclipse.equinox.launcher_1.7.100.v20251111-0406.jar -configuration c:\Users\HP\AppData\Roaming\Code\User\globalStorage\redhat.java\1.53.0\config_win -data c:\Users\HP\AppData\Roaming\Code\User\workspaceStorage\00f7675852a983da2a4f8b6830971500\redhat.java\jdt_ws --pipe=\\.\pipe\lsp-7f3a40b693949da45ffd92b3a73cefa5-sock

Host: Intel(R) Celeron(R) N4020 CPU @ 1.10GHz, 2 cores, 7G,  Windows 11 , 64 bit Build 26100 (10.0.26100.7920)
Time: Wed Mar 18 19:30:29 2026 India Standard Time elapsed time: 145.351608 seconds (0d 0h 2m 25s)

---------------  T H R E A D  ---------------

Current thread (0x000001b6da07f2d0):  JavaThread "C1 CompilerThread0" daemon [_thread_in_native, id=16872, stack(0x0000009271d00000,0x0000009271e00000) (1024K)]


Current CompileTask:
C1:145351 7830       3       java.util.regex.Pattern::escape (1306 bytes)

Stack: [0x0000009271d00000,0x0000009271e00000]
Native frames: (J=compiled Java code, j=interpreted, Vv=VM code, C=native code)
V  [jvm.dll+0x6d7a39]
V  [jvm.dll+0x8b4b26]
V  [jvm.dll+0x8b70de]
V  [jvm.dll+0x8b77c3]
V  [jvm.dll+0x284346]
V  [jvm.dll+0xc66ed]
V  [jvm.dll+0xc6c31]
V  [jvm.dll+0x1710a0]
V  [jvm.dll+0x18b6ba]
V  [jvm.dll+0x186142]
V  [jvm.dll+0x18057e]
V  [jvm.dll+0x16e690]
V  [jvm.dll+0x157327]
V  [jvm.dll+0x156c57]
V  [jvm.dll+0x156e84]
V  [jvm.dll+0x15629c]
V  [jvm.dll+0x15802d]
V  [jvm.dll+0x25b85d]
V  [jvm.dll+0x259dea]
V  [jvm.dll+0x3f857e]
V  [jvm.dll+0x85f59d]
V  [jvm.dll+0x6d626d]
C  [ucrtbase.dll+0x37b0]
C  [KERNEL32.DLL+0x2e8d7]
C  [ntdll.dll+0x8c48c]


---------------  P R O C E S S  ---------------

Threads class SMR info:
_java_thread_list=0x000001b6e08bc040, length=36, elements={
0x000001b6c1459830, 0x000001b6d9ff4f20, 0x000001b6d9ffb8c0, 0x000001b6d9fff0a0,
0x000001b6da002010, 0x000001b6da002a70, 0x000001b6da0034d0, 0x000001b6da013280,
0x000001b6da07f2d0, 0x000001b6da77be50, 0x000001b6da88f990, 0x000001b6df41fe70,
0x000001b6df53a900, 0x000001b6da9d82f0, 0x000001b6daa5b8f0, 0x000001b6df2c87b0,
0x000001b6da0620c0, 0x000001b6df339f90, 0x000001b6e00ccc10, 0x000001b6e0661d90,
0x000001b6dfebb6e0, 0x000001b6dfeba9c0, 0x000001b6dfebbd70, 0x000001b6dfeb9610,
0x000001b6dfeb9ca0, 0x000001b6dfebb050, 0x000001b6dfebc400, 0x000001b6dfeba330,
0x000001b6dfeb8f80, 0x000001b6e02e2910, 0x000001b6e02e2280, 0x000001b6e02e2fa0,
0x000001b6e02e0840, 0x000001b6e02e3630, 0x000001b6e02e3cc0, 0x000001b6e02e4350
}

Java Threads: ( => current thread )
  0x000001b6c1459830 JavaThread "main"                              [_thread_blocked, id=18540, stack(0x0000009271200000,0x0000009271300000) (1024K)]
  0x000001b6d9ff4f20 JavaThread "Reference Handler"          daemon [_thread_blocked, id=944, stack(0x0000009271600000,0x0000009271700000) (1024K)]
  0x000001b6d9ffb8c0 JavaThread "Finalizer"                  daemon [_thread_blocked, id=3472, stack(0x0000009271700000,0x0000009271800000) (1024K)]
  0x000001b6d9fff0a0 JavaThread "Signal Dispatcher"          daemon [_thread_blocked, id=15904, stack(0x0000009271800000,0x0000009271900000) (1024K)]
  0x000001b6da002010 JavaThread "Attach Listener"            daemon [_thread_blocked, id=14024, stack(0x0000009271900000,0x0000009271a00000) (1024K)]
  0x000001b6da002a70 JavaThread "Service Thread"             daemon [_thread_blocked, id=5308, stack(0x0000009271a00000,0x0000009271b00000) (1024K)]
  0x000001b6da0034d0 JavaThread "Monitor Deflation Thread"   daemon [_thread_blocked, id=7600, stack(0x0000009271b00000,0x0000009271c00000) (1024K)]
  0x000001b6da013280 JavaThread "C2 CompilerThread0"         daemon [_thread_blocked, id=12048, stack(0x0000009271c00000,0x0000009271d00000) (1024K)]
=>0x000001b6da07f2d0 JavaThread "C1 CompilerThread0"         daemon [_thread_in_native, id=16872, stack(0x0000009271d00000,0x0000009271e00000) (1024K)]
  0x000001b6da77be50 JavaThread "Common-Cleaner"             daemon [_thread_blocked, id=8428, stack(0x0000009271e00000,0x0000009271f00000) (1024K)]
  0x000001b6da88f990 JavaThread "Notification Thread"        daemon [_thread_blocked, id=13104, stack(0x0000009271f00000,0x0000009272000000) (1024K)]
  0x000001b6df41fe70 JavaThread "Active Thread: Equinox Container: 5dc90089-fa54-4914-b1c6-e1415ded4d81"        [_thread_blocked, id=14252, stack(0x0000009272100000,0x0000009272200000) (1024K)]
  0x000001b6df53a900 JavaThread "Refresh Thread: Equinox Container: 5dc90089-fa54-4914-b1c6-e1415ded4d81" daemon [_thread_blocked, id=8872, stack(0x0000009272200000,0x0000009272300000) (1024K)]
  0x000001b6da9d82f0 JavaThread "Framework Event Dispatcher: Equinox Container: 5dc90089-fa54-4914-b1c6-e1415ded4d81" daemon [_thread_blocked, id=6524, stack(0x0000009272300000,0x0000009272400000) (1024K)]
  0x000001b6daa5b8f0 JavaThread "Start Level: Equinox Container: 5dc90089-fa54-4914-b1c6-e1415ded4d81" daemon [_thread_blocked, id=17784, stack(0x0000009272400000,0x0000009272500000) (1024K)]
  0x000001b6df2c87b0 JavaThread "Bundle File Closer"         daemon [_thread_blocked, id=2032, stack(0x0000009272500000,0x0000009272600000) (1024K)]
  0x000001b6da0620c0 JavaThread "SCR Component Actor"        daemon [_thread_blocked, id=14916, stack(0x0000009271000000,0x0000009271100000) (1024K)]
  0x000001b6df339f90 JavaThread "Worker-JM"                         [_thread_blocked, id=18420, stack(0x0000009272600000,0x0000009272700000) (1024K)]
  0x000001b6e00ccc10 JavaThread "JNA Cleaner"                daemon [_thread_blocked, id=14244, stack(0x0000009272700000,0x0000009272800000) (1024K)]
  0x000001b6e0661d90 JavaThread "Worker-0: Initialize Workspace"        [_thread_in_native, id=14348, stack(0x0000009272800000,0x0000009272900000) (1024K)]
  0x000001b6dfebb6e0 JavaThread "Worker-1"                          [_thread_blocked, id=16768, stack(0x0000009272900000,0x0000009272a00000) (1024K)]
  0x000001b6dfeba9c0 JavaThread "Worker-2"                          [_thread_blocked, id=15308, stack(0x0000009272a00000,0x0000009272b00000) (1024K)]
  0x000001b6dfebbd70 JavaThread "Worker-3"                          [_thread_blocked, id=9672, stack(0x0000009272b00000,0x0000009272c00000) (1024K)]
  0x000001b6dfeb9610 JavaThread "Java indexing"              daemon [_thread_blocked, id=18232, stack(0x0000009272c00000,0x0000009272d00000) (1024K)]
  0x000001b6dfeb9ca0 JavaThread "Worker-4"                          [_thread_blocked, id=14528, stack(0x0000009272d00000,0x0000009272e00000) (1024K)]
  0x000001b6dfebb050 JavaThread "Worker-5"                          [_thread_blocked, id=7664, stack(0x0000009273000000,0x0000009273100000) (1024K)]
  0x000001b6dfebc400 JavaThread "Worker-6"                          [_thread_blocked, id=19272, stack(0x0000009273100000,0x0000009273200000) (1024K)]
  0x000001b6dfeba330 JavaThread "Thread-1"                   daemon [_thread_in_native, id=16464, stack(0x0000009273200000,0x0000009273300000) (1024K)]
  0x000001b6dfeb8f80 JavaThread "Thread-2"                   daemon [_thread_in_native, id=3292, stack(0x0000009273300000,0x0000009273400000) (1024K)]
  0x000001b6e02e2910 JavaThread "Thread-3"                   daemon [_thread_in_native, id=13024, stack(0x0000009273400000,0x0000009273500000) (1024K)]
  0x000001b6e02e2280 JavaThread "pool-2-thread-1"                   [_thread_blocked, id=8440, stack(0x0000009273500000,0x0000009273600000) (1024K)]
  0x000001b6e02e2fa0 JavaThread "WorkspaceEventsHandler"            [_thread_blocked, id=392, stack(0x0000009273600000,0x0000009273700000) (1024K)]
  0x000001b6e02e0840 JavaThread "pool-1-thread-1"                   [_thread_blocked, id=7412, stack(0x0000009273700000,0x0000009273800000) (1024K)]
  0x000001b6e02e3630 JavaThread "Compiler Processing Task"   daemon [_thread_blocked, id=18996, stack(0x0000009273800000,0x0000009273900000) (1024K)]
  0x000001b6e02e3cc0 JavaThread "Compiler Class File Writer" daemon [_thread_blocked, id=3652, stack(0x0000009273900000,0x0000009273a00000) (1024K)]
  0x000001b6e02e4350 JavaThread "ForkJoinPool.commonPool-worker-1" daemon [_thread_blocked, id=2676, stack(0x0000009273a00000,0x0000009273b00000) (1024K)]
Total: 36

Other Threads:
  0x000001b6c370b860 VMThread "VM Thread"                           [id=12928, stack(0x0000009271500000,0x0000009271600000) (1024K)]
  0x000001b6d9fdcb10 WatcherThread "VM Periodic Task Thread"        [id=17028, stack(0x0000009271400000,0x0000009271500000) (1024K)]
  0x000001b6c3672350 WorkerThread "GC Thread#0"                     [id=14872, stack(0x0000009271300000,0x0000009271400000) (1024K)]
  0x000001b6df06e410 WorkerThread "GC Thread#1"                     [id=18028, stack(0x0000009272000000,0x0000009272100000) (1024K)]
Total: 4

Threads with active compile tasks:
C1 CompilerThread0  145535 7830       3       java.util.regex.Pattern::escape (1306 bytes)
Total: 1

VM state: not at safepoint (normal execution)

VM Mutex/Monitor currently owned by a thread: None

Heap address: 0x0000000080000000, size: 2048 MB, Compressed Oops mode: 32-bit

CDS archive(s) mapped at: [0x000001b680000000-0x000001b680ba0000-0x000001b680ba0000), size 12189696, SharedBaseAddress: 0x000001b680000000, ArchiveRelocationMode: 1.
Compressed class space mapped at: 0x000001b681000000-0x000001b6c1000000, reserved size: 1073741824
Narrow klass base: 0x000001b680000000, Narrow klass shift: 0, Narrow klass range: 0x100000000

GC Precious Log:
 CardTable entry size: 512
 CPUs: 2 total, 2 available
 Memory: 8003M
 Large Page Support: Disabled
 NUMA Support: Disabled
 Compressed Oops: Enabled (32-bit)
 Alignments: Space 512K, Generation 512K, Heap 2M
 Heap Min Capacity: 100M
 Heap Initial Capacity: 100M
 Heap Max Capacity: 2G
 Pre-touch: Disabled
 Parallel Workers: 2

Heap:
 PSYoungGen      total 19968K, used 16911K [0x00000000d5580000, 0x00000000d6d00000, 0x0000000100000000)
  eden space 18944K, 83% used [0x00000000d5580000,0x00000000d65071c0,0x00000000d6800000)
  from space 1024K, 98% used [0x00000000d6800000,0x00000000d68fcd30,0x00000000d6900000)
  to   space 2560K, 0% used [0x00000000d6a80000,0x00000000d6a80000,0x00000000d6d00000)
 ParOldGen       total 68608K, used 43278K [0x0000000080000000, 0x0000000084300000, 0x00000000d5580000)
  object space 68608K, 63% used [0x0000000080000000,0x0000000082a438e8,0x0000000084300000)
 Metaspace       used 56004K, committed 57216K, reserved 1114112K
  class space    used 5990K, committed 6528K, reserved 1048576K

Card table byte_map: [0x000001b6c3020000,0x000001b6c3430000] _byte_map_base: 0x000001b6c2c20000

Marking Bits: (ParMarkBitMap*) 0x00007ff825043450
 Begin Bits: [0x000001b6d5b00000, 0x000001b6d7b00000)
 End Bits:   [0x000001b6d7b00000, 0x000001b6d9b00000)

Polling page: 0x000001b6c2e10000

Metaspace:

Usage:
  Non-class:     48.84 MB used.
      Class:      5.85 MB used.
       Both:     54.69 MB used.

Virtual space:
  Non-class space:       64.00 MB reserved,      49.50 MB ( 77%) committed,  1 nodes.
      Class space:        1.00 GB reserved,       6.38 MB ( <1%) committed,  1 nodes.
             Both:        1.06 GB reserved,      55.88 MB (  5%) committed. 

Chunk freelists:
   Non-Class:  14.52 MB
       Class:  9.58 MB
        Both:  24.09 MB

MaxMetaspaceSize: unlimited
CompressedClassSpaceSize: 1.00 GB
Initial GC threshold: 21.00 MB
Current GC threshold: 58.38 MB
CDS: on
 - commit_granule_bytes: 65536.
 - commit_granule_words: 8192.
 - virtual_space_node_default_size: 8388608.
 - enlarge_chunks_in_place: 1.
 - use_allocation_guard: 0.


Internal statistics:

num_allocs_failed_limit: 6.
num_arena_births: 928.
num_arena_deaths: 16.
num_vsnodes_births: 2.
num_vsnodes_deaths: 0.
num_space_committed: 894.
num_space_uncommitted: 0.
num_chunks_returned_to_freelist: 23.
num_chunks_taken_from_freelist: 3541.
num_chunk_merges: 8.
num_chunk_splits: 2142.
num_chunks_enlarged: 1152.
num_inconsistent_stats: 0.

CodeHeap 'non-profiled nmethods': size=120064Kb used=4209Kb max_used=4209Kb free=115854Kb
 bounds [0x000001b6ce310000, 0x000001b6ce730000, 0x000001b6d5850000]
CodeHeap 'profiled nmethods': size=120000Kb used=15279Kb max_used=15279Kb free=104720Kb
 bounds [0x000001b6c6850000, 0x000001b6c7740000, 0x000001b6cdd80000]
CodeHeap 'non-nmethods': size=5696Kb used=1394Kb max_used=1456Kb free=4301Kb
 bounds [0x000001b6cdd80000, 0x000001b6cdff0000, 0x000001b6ce310000]
CodeCache: size=245760Kb, used=20882Kb, max_used=20944Kb, free=224875Kb
 total_blobs=7884, nmethods=7176, adapters=615, full_count=0
Compilation: enabled, stopped_count=0, restarted_count=0

Compilation events (20 events):
Event: 143.844 Thread 0x000001b6da07f2d0 nmethod 7820 0x000001b6c7732990 code [0x000001b6c7732b60, 0x000001b6c7732fb8]
Event: 143.845 Thread 0x000001b6da07f2d0 7821   !   3       java.util.regex.Pattern::closure (276 bytes)
Event: 143.849 Thread 0x000001b6da07f2d0 nmethod 7821 0x000001b6c7733090 code [0x000001b6c7733480, 0x000001b6c7734b90]
Event: 143.849 Thread 0x000001b6da07f2d0 7822       3       sun.nio.fs.Globs::isRegexMeta (16 bytes)
Event: 143.849 Thread 0x000001b6da07f2d0 nmethod 7822 0x000001b6c7735510 code [0x000001b6c77356c0, 0x000001b6c77358a8]
Event: 144.717 Thread 0x000001b6da07f2d0 7823       3       java.io.IOException::<init> (6 bytes)
Event: 144.718 Thread 0x000001b6da07f2d0 nmethod 7823 0x000001b6c7735990 code [0x000001b6c7735b40, 0x000001b6c7735cd8]
Event: 144.763 Thread 0x000001b6da07f2d0 7824       3       sun.nio.fs.WindowsDirectoryStream$WindowsDirectoryIterator::isSelfOrParent (24 bytes)
Event: 144.763 Thread 0x000001b6da07f2d0 nmethod 7824 0x000001b6c7735d90 code [0x000001b6c7735f60, 0x000001b6c7736168]
Event: 144.845 Thread 0x000001b6da07f2d0 7825   !   3       java.nio.file.FileTreeWalker::getAttributes (94 bytes)
Event: 144.847 Thread 0x000001b6da07f2d0 nmethod 7825 0x000001b6c7736290 code [0x000001b6c7736560, 0x000001b6c77376a0]
Event: 144.950 Thread 0x000001b6da07f2d0 7826   !   3       sun.nio.fs.WindowsNativeDispatcher::FindNextFile (30 bytes)
Event: 144.950 Thread 0x000001b6da07f2d0 nmethod 7826 0x000001b6c7737c10 code [0x000001b6c7737de0, 0x000001b6c7737fd8]
Event: 145.077 Thread 0x000001b6da07f2d0 7827       3       java.util.regex.Pattern::atom (422 bytes)
Event: 145.080 Thread 0x000001b6da07f2d0 nmethod 7827 0x000001b6c7738110 code [0x000001b6c77384a0, 0x000001b6c7739a90]
Event: 145.110 Thread 0x000001b6da07f2d0 7828  s    3       sun.nio.fs.WindowsDirectoryStream$WindowsDirectoryIterator::hasNext (35 bytes)
Event: 145.110 Thread 0x000001b6da07f2d0 nmethod 7828 0x000001b6c773a190 code [0x000001b6c773a340, 0x000001b6c773a620]
Event: 145.110 Thread 0x000001b6da07f2d0 7829   !   3       sun.nio.fs.WindowsDirectoryStream$WindowsDirectoryIterator::readNextEntry (192 bytes)
Event: 145.112 Thread 0x000001b6da07f2d0 nmethod 7829 0x000001b6c773a710 code [0x000001b6c773a9e0, 0x000001b6c773b5f0]
Event: 145.342 Thread 0x000001b6da07f2d0 7830       3       java.util.regex.Pattern::escape (1306 bytes)

GC Heap History (20 events):
Event: 106.294 GC heap before
{Heap before GC invocations=24 (full 2):
 PSYoungGen      total 22016K, used 21888K [0x00000000d5580000, 0x00000000d6d80000, 0x0000000100000000)
  eden space 20480K, 100% used [0x00000000d5580000,0x00000000d6980000,0x00000000d6980000)
  from space 1536K, 91% used [0x00000000d6a00000,0x00000000d6b60000,0x00000000d6b80000)
  to   space 2048K, 0% used [0x00000000d6b80000,0x00000000d6b80000,0x00000000d6d80000)
 ParOldGen       total 68608K, used 31113K [0x0000000080000000, 0x0000000084300000, 0x00000000d5580000)
  object space 68608K, 45% used [0x0000000080000000,0x0000000081e62658,0x0000000084300000)
 Metaspace       used 44137K, committed 45248K, reserved 1114112K
  class space    used 4723K, committed 5184K, reserved 1048576K
}
Event: 106.307 GC heap after
{Heap after GC invocations=24 (full 2):
 PSYoungGen      total 22528K, used 1828K [0x00000000d5580000, 0x00000000d6d80000, 0x0000000100000000)
  eden space 20480K, 0% used [0x00000000d5580000,0x00000000d5580000,0x00000000d6980000)
  from space 2048K, 89% used [0x00000000d6b80000,0x00000000d6d49000,0x00000000d6d80000)
  to   space 2048K, 0% used [0x00000000d6980000,0x00000000d6980000,0x00000000d6b80000)
 ParOldGen       total 68608K, used 32405K [0x0000000080000000, 0x0000000084300000, 0x00000000d5580000)
  object space 68608K, 47% used [0x0000000080000000,0x0000000081fa5758,0x0000000084300000)
 Metaspace       used 44137K, committed 45248K, reserved 1114112K
  class space    used 4723K, committed 5184K, reserved 1048576K
}
Event: 106.668 GC heap before
{Heap before GC invocations=25 (full 2):
 PSYoungGen      total 22528K, used 22308K [0x00000000d5580000, 0x00000000d6d80000, 0x0000000100000000)
  eden space 20480K, 100% used [0x00000000d5580000,0x00000000d6980000,0x00000000d6980000)
  from space 2048K, 89% used [0x00000000d6b80000,0x00000000d6d49000,0x00000000d6d80000)
  to   space 2048K, 0% used [0x00000000d6980000,0x00000000d6980000,0x00000000d6b80000)
 ParOldGen       total 68608K, used 32405K [0x0000000080000000, 0x0000000084300000, 0x00000000d5580000)
  object space 68608K, 47% used [0x0000000080000000,0x0000000081fa5758,0x0000000084300000)
 Metaspace       used 44356K, committed 45504K, reserved 1114112K
  class space    used 4753K, committed 5248K, reserved 1048576K
}
Event: 106.683 GC heap after
{Heap after GC invocations=25 (full 2):
 PSYoungGen      total 22528K, used 2016K [0x00000000d5580000, 0x00000000d6e80000, 0x0000000100000000)
  eden space 20480K, 0% used [0x00000000d5580000,0x00000000d5580000,0x00000000d6980000)
  from space 2048K, 98% used [0x00000000d6980000,0x00000000d6b78010,0x00000000d6b80000)
  to   space 2560K, 0% used [0x00000000d6c00000,0x00000000d6c00000,0x00000000d6e80000)
 ParOldGen       total 68608K, used 34159K [0x0000000080000000, 0x0000000084300000, 0x00000000d5580000)
  object space 68608K, 49% used [0x0000000080000000,0x000000008215be70,0x0000000084300000)
 Metaspace       used 44356K, committed 45504K, reserved 1114112K
  class space    used 4753K, committed 5248K, reserved 1048576K
}
Event: 107.131 GC heap before
{Heap before GC invocations=26 (full 2):
 PSYoungGen      total 22528K, used 22496K [0x00000000d5580000, 0x00000000d6e80000, 0x0000000100000000)
  eden space 20480K, 100% used [0x00000000d5580000,0x00000000d6980000,0x00000000d6980000)
  from space 2048K, 98% used [0x00000000d6980000,0x00000000d6b78010,0x00000000d6b80000)
  to   space 2560K, 0% used [0x00000000d6c00000,0x00000000d6c00000,0x00000000d6e80000)
 ParOldGen       total 68608K, used 34159K [0x0000000080000000, 0x0000000084300000, 0x00000000d5580000)
  object space 68608K, 49% used [0x0000000080000000,0x000000008215be70,0x0000000084300000)
 Metaspace       used 44597K, committed 45760K, reserved 1114112K
  class space    used 4774K, committed 5248K, reserved 1048576K
}
Event: 107.145 GC heap after
{Heap after GC invocations=26 (full 2):
 PSYoungGen      total 22528K, used 1720K [0x00000000d5580000, 0x00000000d6e00000, 0x0000000100000000)
  eden space 20480K, 0% used [0x00000000d5580000,0x00000000d5580000,0x00000000d6980000)
  from space 2048K, 84% used [0x00000000d6c00000,0x00000000d6dae200,0x00000000d6e00000)
  to   space 2048K, 0% used [0x00000000d6980000,0x00000000d6980000,0x00000000d6b80000)
 ParOldGen       total 68608K, used 36139K [0x0000000080000000, 0x0000000084300000, 0x00000000d5580000)
  object space 68608K, 52% used [0x0000000080000000,0x000000008234ae90,0x0000000084300000)
 Metaspace       used 44597K, committed 45760K, reserved 1114112K
  class space    used 4774K, committed 5248K, reserved 1048576K
}
Event: 107.881 GC heap before
{Heap before GC invocations=27 (full 2):
 PSYoungGen      total 22528K, used 22200K [0x00000000d5580000, 0x00000000d6e00000, 0x0000000100000000)
  eden space 20480K, 100% used [0x00000000d5580000,0x00000000d6980000,0x00000000d6980000)
  from space 2048K, 84% used [0x00000000d6c00000,0x00000000d6dae200,0x00000000d6e00000)
  to   space 2048K, 0% used [0x00000000d6980000,0x00000000d6980000,0x00000000d6b80000)
 ParOldGen       total 68608K, used 36139K [0x0000000080000000, 0x0000000084300000, 0x00000000d5580000)
  object space 68608K, 52% used [0x0000000080000000,0x000000008234ae90,0x0000000084300000)
 Metaspace       used 46548K, committed 47744K, reserved 1114112K
  class space    used 4971K, committed 5440K, reserved 1048576K
}
Event: 107.895 GC heap after
{Heap after GC invocations=27 (full 2):
 PSYoungGen      total 22016K, used 1386K [0x00000000d5580000, 0x00000000d6c80000, 0x0000000100000000)
  eden space 20480K, 0% used [0x00000000d5580000,0x00000000d5580000,0x00000000d6980000)
  from space 1536K, 90% used [0x00000000d6980000,0x00000000d6ada868,0x00000000d6b00000)
  to   space 1536K, 0% used [0x00000000d6b00000,0x00000000d6b00000,0x00000000d6c80000)
 ParOldGen       total 68608K, used 37804K [0x0000000080000000, 0x0000000084300000, 0x00000000d5580000)
  object space 68608K, 55% used [0x0000000080000000,0x00000000824eb090,0x0000000084300000)
 Metaspace       used 46548K, committed 47744K, reserved 1114112K
  class space    used 4971K, committed 5440K, reserved 1048576K
}
Event: 113.766 GC heap before
{Heap before GC invocations=28 (full 2):
 PSYoungGen      total 22016K, used 21866K [0x00000000d5580000, 0x00000000d6c80000, 0x0000000100000000)
  eden space 20480K, 100% used [0x00000000d5580000,0x00000000d6980000,0x00000000d6980000)
  from space 1536K, 90% used [0x00000000d6980000,0x00000000d6ada868,0x00000000d6b00000)
  to   space 1536K, 0% used [0x00000000d6b00000,0x00000000d6b00000,0x00000000d6c80000)
 ParOldGen       total 68608K, used 37804K [0x0000000080000000, 0x0000000084300000, 0x00000000d5580000)
  object space 68608K, 55% used [0x0000000080000000,0x00000000824eb090,0x0000000084300000)
 Metaspace       used 48780K, committed 49920K, reserved 1114112K
  class space    used 5258K, committed 5760K, reserved 1048576K
}
Event: 113.776 GC heap after
{Heap after GC invocations=28 (full 2):
 PSYoungGen      total 22016K, used 1099K [0x00000000d5580000, 0x00000000d6c80000, 0x0000000100000000)
  eden space 20480K, 0% used [0x00000000d5580000,0x00000000d5580000,0x00000000d6980000)
  from space 1536K, 71% used [0x00000000d6b00000,0x00000000d6c12e68,0x00000000d6c80000)
  to   space 1536K, 0% used [0x00000000d6980000,0x00000000d6980000,0x00000000d6b00000)
 ParOldGen       total 68608K, used 39007K [0x0000000080000000, 0x0000000084300000, 0x00000000d5580000)
  object space 68608K, 56% used [0x0000000080000000,0x0000000082617d80,0x0000000084300000)
 Metaspace       used 48780K, committed 49920K, reserved 1114112K
  class space    used 5258K, committed 5760K, reserved 1048576K
}
Event: 115.468 GC heap before
{Heap before GC invocations=29 (full 2):
 PSYoungGen      total 22016K, used 21516K [0x00000000d5580000, 0x00000000d6c80000, 0x0000000100000000)
  eden space 20480K, 99% used [0x00000000d5580000,0x00000000d6970298,0x00000000d6980000)
  from space 1536K, 71% used [0x00000000d6b00000,0x00000000d6c12e68,0x00000000d6c80000)
  to   space 1536K, 0% used [0x00000000d6980000,0x00000000d6980000,0x00000000d6b00000)
 ParOldGen       total 68608K, used 39007K [0x0000000080000000, 0x0000000084300000, 0x00000000d5580000)
  object space 68608K, 56% used [0x0000000080000000,0x0000000082617d80,0x0000000084300000)
 Metaspace       used 49950K, committed 51136K, reserved 1114112K
  class space    used 5413K, committed 5888K, reserved 1048576K
}
Event: 115.477 GC heap after
{Heap after GC invocations=29 (full 2):
 PSYoungGen      total 20992K, used 480K [0x00000000d5580000, 0x00000000d6b80000, 0x0000000100000000)
  eden space 20480K, 0% used [0x00000000d5580000,0x00000000d5580000,0x00000000d6980000)
  from space 512K, 93% used [0x00000000d6980000,0x00000000d69f8000,0x00000000d6a00000)
  to   space 1024K, 0% used [0x00000000d6a80000,0x00000000d6a80000,0x00000000d6b80000)
 ParOldGen       total 68608K, used 39958K [0x0000000080000000, 0x0000000084300000, 0x00000000d5580000)
  object space 68608K, 58% used [0x0000000080000000,0x0000000082705950,0x0000000084300000)
 Metaspace       used 49950K, committed 51136K, reserved 1114112K
  class space    used 5413K, committed 5888K, reserved 1048576K
}
Event: 116.440 GC heap before
{Heap before GC invocations=30 (full 2):
 PSYoungGen      total 20992K, used 20960K [0x00000000d5580000, 0x00000000d6b80000, 0x0000000100000000)
  eden space 20480K, 100% used [0x00000000d5580000,0x00000000d6980000,0x00000000d6980000)
  from space 512K, 93% used [0x00000000d6980000,0x00000000d69f8000,0x00000000d6a00000)
  to   space 1024K, 0% used [0x00000000d6a80000,0x00000000d6a80000,0x00000000d6b80000)
 ParOldGen       total 68608K, used 39958K [0x0000000080000000, 0x0000000084300000, 0x00000000d5580000)
  object space 68608K, 58% used [0x0000000080000000,0x0000000082705950,0x0000000084300000)
 Metaspace       used 51643K, committed 52928K, reserved 1114112K
  class space    used 5595K, committed 6144K, reserved 1048576K
}
Event: 116.447 GC heap after
{Heap after GC invocations=30 (full 2):
 PSYoungGen      total 19968K, used 1005K [0x00000000d5580000, 0x00000000d6e80000, 0x0000000100000000)
  eden space 18944K, 0% used [0x00000000d5580000,0x00000000d5580000,0x00000000d6800000)
  from space 1024K, 98% used [0x00000000d6a80000,0x00000000d6b7b650,0x00000000d6b80000)
  to   space 2560K, 0% used [0x00000000d6800000,0x00000000d6800000,0x00000000d6a80000)
 ParOldGen       total 68608K, used 41007K [0x0000000080000000, 0x0000000084300000, 0x00000000d5580000)
  object space 68608K, 59% used [0x0000000080000000,0x000000008280bf10,0x0000000084300000)
 Metaspace       used 51643K, committed 52928K, reserved 1114112K
  class space    used 5595K, committed 6144K, reserved 1048576K
}
Event: 116.741 GC heap before
{Heap before GC invocations=31 (full 2):
 PSYoungGen      total 19968K, used 19864K [0x00000000d5580000, 0x00000000d6e80000, 0x0000000100000000)
  eden space 18944K, 99% used [0x00000000d5580000,0x00000000d67eab98,0x00000000d6800000)
  from space 1024K, 98% used [0x00000000d6a80000,0x00000000d6b7b650,0x00000000d6b80000)
  to   space 2560K, 0% used [0x00000000d6800000,0x00000000d6800000,0x00000000d6a80000)
 ParOldGen       total 68608K, used 41007K [0x0000000080000000, 0x0000000084300000, 0x00000000d5580000)
  object space 68608K, 59% used [0x0000000080000000,0x000000008280bf10,0x0000000084300000)
 Metaspace       used 51675K, committed 52928K, reserved 1114112K
  class space    used 5595K, committed 6144K, reserved 1048576K
}
Event: 116.746 GC heap after
{Heap after GC invocations=31 (full 2):
 PSYoungGen      total 20480K, used 1138K [0x00000000d5580000, 0x00000000d6b00000, 0x0000000100000000)
  eden space 18944K, 0% used [0x00000000d5580000,0x00000000d5580000,0x00000000d6800000)
  from space 1536K, 74% used [0x00000000d6800000,0x00000000d691ca30,0x00000000d6980000)
  to   space 1536K, 0% used [0x00000000d6980000,0x00000000d6980000,0x00000000d6b00000)
 ParOldGen       total 68608K, used 42022K [0x0000000080000000, 0x0000000084300000, 0x00000000d5580000)
  object space 68608K, 61% used [0x0000000080000000,0x00000000829099a8,0x0000000084300000)
 Metaspace       used 51675K, committed 52928K, reserved 1114112K
  class space    used 5595K, committed 6144K, reserved 1048576K
}
Event: 116.974 GC heap before
{Heap before GC invocations=32 (full 2):
 PSYoungGen      total 20480K, used 20082K [0x00000000d5580000, 0x00000000d6b00000, 0x0000000100000000)
  eden space 18944K, 100% used [0x00000000d5580000,0x00000000d6800000,0x00000000d6800000)
  from space 1536K, 74% used [0x00000000d6800000,0x00000000d691ca30,0x00000000d6980000)
  to   space 1536K, 0% used [0x00000000d6980000,0x00000000d6980000,0x00000000d6b00000)
 ParOldGen       total 68608K, used 42022K [0x0000000080000000, 0x0000000084300000, 0x00000000d5580000)
  object space 68608K, 61% used [0x0000000080000000,0x00000000829099a8,0x0000000084300000)
 Metaspace       used 52364K, committed 53632K, reserved 1114112K
  class space    used 5656K, committed 6208K, reserved 1048576K
}
Event: 116.976 GC heap after
{Heap after GC invocations=32 (full 2):
 PSYoungGen      total 19456K, used 64K [0x00000000d5580000, 0x00000000d6a00000, 0x0000000100000000)
  eden space 18944K, 0% used [0x00000000d5580000,0x00000000d5580000,0x00000000d6800000)
  from space 512K, 12% used [0x00000000d6980000,0x00000000d6990000,0x00000000d6a00000)
  to   space 1024K, 0% used [0x00000000d6800000,0x00000000d6800000,0x00000000d6900000)
 ParOldGen       total 68608K, used 42279K [0x0000000080000000, 0x0000000084300000, 0x00000000d5580000)
  object space 68608K, 61% used [0x0000000080000000,0x0000000082949d18,0x0000000084300000)
 Metaspace       used 52364K, committed 53632K, reserved 1114112K
  class space    used 5656K, committed 6208K, reserved 1048576K
}
Event: 134.907 GC heap before
{Heap before GC invocations=33 (full 2):
 PSYoungGen      total 19456K, used 19008K [0x00000000d5580000, 0x00000000d6a00000, 0x0000000100000000)
  eden space 18944K, 100% used [0x00000000d5580000,0x00000000d6800000,0x00000000d6800000)
  from space 512K, 12% used [0x00000000d6980000,0x00000000d6990000,0x00000000d6a00000)
  to   space 1024K, 0% used [0x00000000d6800000,0x00000000d6800000,0x00000000d6900000)
 ParOldGen       total 68608K, used 42279K [0x0000000080000000, 0x0000000084300000, 0x00000000d5580000)
  object space 68608K, 61% used [0x0000000080000000,0x0000000082949d18,0x0000000084300000)
 Metaspace       used 54821K, committed 56064K, reserved 1114112K
  class space    used 5864K, committed 6400K, reserved 1048576K
}
Event: 134.915 GC heap after
{Heap after GC invocations=33 (full 2):
 PSYoungGen      total 19968K, used 1011K [0x00000000d5580000, 0x00000000d6d00000, 0x0000000100000000)
  eden space 18944K, 0% used [0x00000000d5580000,0x00000000d5580000,0x00000000d6800000)
  from space 1024K, 98% used [0x00000000d6800000,0x00000000d68fcd30,0x00000000d6900000)
  to   space 2560K, 0% used [0x00000000d6a80000,0x00000000d6a80000,0x00000000d6d00000)
 ParOldGen       total 68608K, used 43278K [0x0000000080000000, 0x0000000084300000, 0x00000000d5580000)
  object space 68608K, 63% used [0x0000000080000000,0x0000000082a438e8,0x0000000084300000)
 Metaspace       used 54821K, committed 56064K, reserved 1114112K
  class space    used 5864K, committed 6400K, reserved 1048576K
}

Dll operation events (10 events):
Event: 0.736 Loaded shared library c:\Users\HP\.vscode\extensions\redhat.java-1.53.0-win32-x64\jre\21.0.10-win32-x86_64\bin\java.dll
Event: 3.220 Loaded shared library c:\Users\HP\.vscode\extensions\redhat.java-1.53.0-win32-x64\jre\21.0.10-win32-x86_64\bin\zip.dll
Event: 3.303 Loaded shared library C:\Users\HP\.vscode\extensions\redhat.java-1.53.0-win32-x64\jre\21.0.10-win32-x86_64\bin\instrument.dll
Event: 3.483 Loaded shared library C:\Users\HP\.vscode\extensions\redhat.java-1.53.0-win32-x64\jre\21.0.10-win32-x86_64\bin\net.dll
Event: 3.648 Loaded shared library C:\Users\HP\.vscode\extensions\redhat.java-1.53.0-win32-x64\jre\21.0.10-win32-x86_64\bin\nio.dll
Event: 3.663 Loaded shared library C:\Users\HP\.vscode\extensions\redhat.java-1.53.0-win32-x64\jre\21.0.10-win32-x86_64\bin\zip.dll
Event: 3.789 Loaded shared library C:\Users\HP\.vscode\extensions\redhat.java-1.53.0-win32-x64\jre\21.0.10-win32-x86_64\bin\jimage.dll
Event: 4.339 Loaded shared library c:\Users\HP\.vscode\extensions\redhat.java-1.53.0-win32-x64\jre\21.0.10-win32-x86_64\bin\verify.dll
Event: 39.712 Loaded shared library C:\Users\HP\AppData\Roaming\Code\User\globalStorage\redhat.java\1.53.0\config_win\org.eclipse.equinox.launcher\org.eclipse.equinox.launcher.win32.win32.x86_64_1.3.0.v20260203-2149\eclipse_11919.dll
Event: 80.789 Loaded shared library C:\Users\HP\AppData\Local\Temp\jna-2312\jna17253212921972829138.dll

Deoptimization events (20 events):
Event: 142.015 Thread 0x000001b6e0661d90 Uncommon trap: trap_request=0xffffffde fr.pc=0x000001b6ce605a14 relative=0x00000000000025f4
Event: 142.015 Thread 0x000001b6e0661d90 Uncommon trap: reason=class_check action=maybe_recompile pc=0x000001b6ce605a14 method=java.nio.file.FileTreeWalker.next()Ljava/nio/file/FileTreeWalker$Event; @ 37 c2
Event: 142.015 Thread 0x000001b6e0661d90 DEOPT PACKING pc=0x000001b6ce605a14 sp=0x00000092728ff240
Event: 142.015 Thread 0x000001b6e0661d90 DEOPT UNPACKING pc=0x000001b6cddd3a9c sp=0x00000092728ff2a0 mode 2
Event: 142.015 Thread 0x000001b6e0661d90 Uncommon trap: trap_request=0xffffff45 fr.pc=0x000001b6ce3f5748 relative=0x0000000000000288
Event: 142.015 Thread 0x000001b6e0661d90 Uncommon trap: reason=unstable_if action=reinterpret pc=0x000001b6ce3f5748 method=java.nio.file.FileTreeWalker.getAttributes(Ljava/nio/file/Path;Z)Ljava/nio/file/attribute/BasicFileAttributes; @ 8 c2
Event: 142.016 Thread 0x000001b6e0661d90 DEOPT PACKING pc=0x000001b6ce3f5748 sp=0x00000092728ff170
Event: 142.016 Thread 0x000001b6e0661d90 DEOPT UNPACKING pc=0x000001b6cddd3a9c sp=0x00000092728ff0f8 mode 2
Event: 142.132 Thread 0x000001b6e0661d90 Uncommon trap: trap_request=0xffffffde fr.pc=0x000001b6ce605a14 relative=0x00000000000025f4
Event: 142.132 Thread 0x000001b6e0661d90 Uncommon trap: reason=class_check action=maybe_recompile pc=0x000001b6ce605a14 method=java.nio.file.FileTreeWalker.next()Ljava/nio/file/FileTreeWalker$Event; @ 37 c2
Event: 142.132 Thread 0x000001b6e0661d90 DEOPT PACKING pc=0x000001b6ce605a14 sp=0x00000092728ff240
Event: 142.132 Thread 0x000001b6e0661d90 DEOPT UNPACKING pc=0x000001b6cddd3a9c sp=0x00000092728ff2a0 mode 2
Event: 142.132 Thread 0x000001b6e0661d90 Uncommon trap: trap_request=0xffffffde fr.pc=0x000001b6ce605a14 relative=0x00000000000025f4
Event: 142.132 Thread 0x000001b6e0661d90 Uncommon trap: reason=class_check action=maybe_recompile pc=0x000001b6ce605a14 method=java.nio.file.FileTreeWalker.next()Ljava/nio/file/FileTreeWalker$Event; @ 37 c2
Event: 142.132 Thread 0x000001b6e0661d90 DEOPT PACKING pc=0x000001b6ce605a14 sp=0x00000092728ff240
Event: 142.132 Thread 0x000001b6e0661d90 DEOPT UNPACKING pc=0x000001b6cddd3a9c sp=0x00000092728ff2a0 mode 2
Event: 142.132 Thread 0x000001b6e0661d90 Uncommon trap: trap_request=0xffffffde fr.pc=0x000001b6ce605a14 relative=0x00000000000025f4
Event: 142.132 Thread 0x000001b6e0661d90 Uncommon trap: reason=class_check action=maybe_recompile pc=0x000001b6ce605a14 method=java.nio.file.FileTreeWalker.next()Ljava/nio/file/FileTreeWalker$Event; @ 37 c2
Event: 142.132 Thread 0x000001b6e0661d90 DEOPT PACKING pc=0x000001b6ce605a14 sp=0x00000092728ff240
Event: 142.132 Thread 0x000001b6e0661d90 DEOPT UNPACKING pc=0x000001b6cddd3a9c sp=0x00000092728ff2a0 mode 2

Classes loaded (20 events):
Event: 137.087 Loading class jdk/internal/math/FormattedFPDecimal
Event: 137.087 Loading class jdk/internal/math/FormattedFPDecimal done
Event: 137.203 Loading class java/util/regex/Pattern$LineEnding
Event: 137.204 Loading class java/util/regex/Pattern$LineEnding done
Event: 138.987 Loading class java/util/TreeMap$ValueSpliterator
Event: 138.987 Loading class java/util/TreeMap$TreeMapSpliterator
Event: 138.987 Loading class java/util/TreeMap$TreeMapSpliterator done
Event: 138.988 Loading class java/util/TreeMap$ValueSpliterator done
Event: 139.441 Loading class java/util/concurrent/CompletionException
Event: 139.441 Loading class java/util/concurrent/CompletionException done
Event: 139.773 Loading class java/nio/file/FileTreeWalker$1
Event: 141.036 Loading class java/nio/file/FileTreeWalker$1 done
Event: 141.039 Loading class sun/nio/fs/Globs
Event: 141.040 Loading class sun/nio/fs/Globs done
Event: 141.041 Loading class java/util/regex/Pattern$SliceU
Event: 141.041 Loading class java/util/regex/Pattern$SliceU done
Event: 141.041 Loading class sun/nio/fs/WindowsFileSystem$2
Event: 142.014 Loading class java/nio/file/PathMatcher
Event: 142.014 Loading class java/nio/file/PathMatcher done
Event: 142.014 Loading class sun/nio/fs/WindowsFileSystem$2 done

Classes unloaded (8 events):
Event: 83.878 Thread 0x000001b6c370b860 Unloading class 0x000001b6811a5000 'java/lang/invoke/LambdaForm$MH+0x000001b6811a5000'
Event: 83.878 Thread 0x000001b6c370b860 Unloading class 0x000001b6811a4c00 'java/lang/invoke/LambdaForm$MH+0x000001b6811a4c00'
Event: 83.878 Thread 0x000001b6c370b860 Unloading class 0x000001b6811a4800 'java/lang/invoke/LambdaForm$MH+0x000001b6811a4800'
Event: 83.878 Thread 0x000001b6c370b860 Unloading class 0x000001b6811a4400 'java/lang/invoke/LambdaForm$MH+0x000001b6811a4400'
Event: 83.878 Thread 0x000001b6c370b860 Unloading class 0x000001b6811a4000 'java/lang/invoke/LambdaForm$BMH+0x000001b6811a4000'
Event: 83.878 Thread 0x000001b6c370b860 Unloading class 0x000001b6811a3c00 'java/lang/invoke/LambdaForm$DMH+0x000001b6811a3c00'
Event: 83.878 Thread 0x000001b6c370b860 Unloading class 0x000001b6811a2800 'java/lang/invoke/LambdaForm$DMH+0x000001b6811a2800'
Event: 98.022 Thread 0x000001b6c370b860 Unloading class 0x000001b6812c9400 'java/lang/invoke/LambdaForm$MH+0x000001b6812c9400'

Classes redefined (0 events):
No events

Internal exceptions (20 events):
Event: 144.997 Thread 0x000001b6e0661d90 Exception <a 'sun/nio/fs/WindowsException'{0x00000000d64eddf0}> (0x00000000d64eddf0) 
thrown [s\src\hotspot\share\prims\jni.cpp, line 520]
Event: 144.997 Thread 0x000001b6e0661d90 Exception <a 'sun/nio/fs/WindowsException'{0x00000000d64ee3b0}> (0x00000000d64ee3b0) 
thrown [s\src\hotspot\share\prims\jni.cpp, line 520]
Event: 144.998 Thread 0x000001b6e0661d90 Exception <a 'sun/nio/fs/WindowsException'{0x00000000d64ee970}> (0x00000000d64ee970) 
thrown [s\src\hotspot\share\prims\jni.cpp, line 520]
Event: 144.998 Thread 0x000001b6e0661d90 Exception <a 'sun/nio/fs/WindowsException'{0x00000000d64eef48}> (0x00000000d64eef48) 
thrown [s\src\hotspot\share\prims\jni.cpp, line 520]
Event: 145.109 Thread 0x000001b6e0661d90 Exception <a 'sun/nio/fs/WindowsException'{0x00000000d64f2108}> (0x00000000d64f2108) 
thrown [s\src\hotspot\share\prims\jni.cpp, line 520]
Event: 145.109 Thread 0x000001b6e0661d90 Exception <a 'sun/nio/fs/WindowsException'{0x00000000d64f26a0}> (0x00000000d64f26a0) 
thrown [s\src\hotspot\share\prims\jni.cpp, line 520]
Event: 145.109 Thread 0x000001b6e0661d90 Exception <a 'sun/nio/fs/WindowsException'{0x00000000d64f2c38}> (0x00000000d64f2c38) 
thrown [s\src\hotspot\share\prims\jni.cpp, line 520]
Event: 145.110 Thread 0x000001b6e0661d90 Exception <a 'sun/nio/fs/WindowsException'{0x00000000d64f31f0}> (0x00000000d64f31f0) 
thrown [s\src\hotspot\share\prims\jni.cpp, line 520]
Event: 145.111 Thread 0x000001b6e0661d90 Exception <a 'sun/nio/fs/WindowsException'{0x00000000d64f6538}> (0x00000000d64f6538) 
thrown [s\src\hotspot\share\prims\jni.cpp, line 520]
Event: 145.112 Thread 0x000001b6e0661d90 Exception <a 'sun/nio/fs/WindowsException'{0x00000000d64f6ae0}> (0x00000000d64f6ae0) 
thrown [s\src\hotspot\share\prims\jni.cpp, line 520]
Event: 145.196 Thread 0x000001b6e0661d90 Exception <a 'sun/nio/fs/WindowsException'{0x00000000d64f7088}> (0x00000000d64f7088) 
thrown [s\src\hotspot\share\prims\jni.cpp, line 520]
Event: 145.197 Thread 0x000001b6e0661d90 Exception <a 'sun/nio/fs/WindowsException'{0x00000000d64f7648}> (0x00000000d64f7648) 
thrown [s\src\hotspot\share\prims\jni.cpp, line 520]
Event: 145.335 Thread 0x000001b6e0661d90 Exception <a 'sun/nio/fs/WindowsException'{0x00000000d64fabb8}> (0x00000000d64fabb8) 
thrown [s\src\hotspot\share\prims\jni.cpp, line 520]
Event: 145.335 Thread 0x000001b6e0661d90 Exception <a 'sun/nio/fs/WindowsException'{0x00000000d64fb160}> (0x00000000d64fb160) 
thrown [s\src\hotspot\share\prims\jni.cpp, line 520]
Event: 145.335 Thread 0x000001b6e0661d90 Exception <a 'sun/nio/fs/WindowsException'{0x00000000d64fb708}> (0x00000000d64fb708) 
thrown [s\src\hotspot\share\prims\jni.cpp, line 520]
Event: 145.335 Thread 0x000001b6e0661d90 Exception <a 'sun/nio/fs/WindowsException'{0x00000000d64fbcc8}> (0x00000000d64fbcc8) 
thrown [s\src\hotspot\share\prims\jni.cpp, line 520]
Event: 145.342 Thread 0x000001b6e0661d90 Exception <a 'sun/nio/fs/WindowsException'{0x00000000d64fefb8}> (0x00000000d64fefb8) 
thrown [s\src\hotspot\share\prims\jni.cpp, line 520]
Event: 145.342 Thread 0x000001b6e0661d90 Exception <a 'sun/nio/fs/WindowsException'{0x00000000d64ff560}> (0x00000000d64ff560) 
thrown [s\src\hotspot\share\prims\jni.cpp, line 520]
Event: 145.342 Thread 0x000001b6e0661d90 Exception <a 'sun/nio/fs/WindowsException'{0x00000000d64ffb08}> (0x00000000d64ffb08) 
thrown [s\src\hotspot\share\prims\jni.cpp, line 520]
Event: 145.342 Thread 0x000001b6e0661d90 Exception <a 'sun/nio/fs/WindowsException'{0x00000000d6500de0}> (0x00000000d6500de0) 
thrown [s\src\hotspot\share\prims\jni.cpp, line 520]

ZGC Phase Switch (0 events):
No events

VM Operations (20 events):
Event: 134.530 Executing safepoint VM operation: Cleanup
Event: 134.530 Executing safepoint VM operation: Cleanup done
Event: 134.907 Executing safepoint VM operation: ParallelGCFailedAllocation (Allocation Failure)
Event: 134.915 Executing safepoint VM operation: ParallelGCFailedAllocation (Allocation Failure) done
Event: 135.936 Executing non-safepoint VM operation: HandshakeAllThreads (Deoptimize)
Event: 135.936 Executing non-safepoint VM operation: HandshakeAllThreads (Deoptimize) done
Event: 136.951 Executing safepoint VM operation: Cleanup
Event: 136.951 Executing safepoint VM operation: Cleanup done
Event: 137.142 Executing non-safepoint VM operation: HandshakeAllThreads (Deoptimize)
Event: 137.143 Executing non-safepoint VM operation: HandshakeAllThreads (Deoptimize) done
Event: 138.157 Executing safepoint VM operation: Cleanup
Event: 138.157 Executing safepoint VM operation: Cleanup done
Event: 139.161 Executing safepoint VM operation: Cleanup
Event: 139.207 Executing safepoint VM operation: Cleanup done
Event: 140.213 Executing safepoint VM operation: Cleanup
Event: 141.040 Executing safepoint VM operation: Cleanup done
Event: 142.046 Executing safepoint VM operation: Cleanup
Event: 142.124 Executing safepoint VM operation: Cleanup done
Event: 144.186 Executing safepoint VM operation: Cleanup
Event: 144.394 Executing safepoint VM operation: Cleanup done

Memory protections (0 events):
No events

Nmethod flushes (20 events):
Event: 98.041 Thread 0x000001b6c370b860 flushing  nmethod 0x000001b6c6f56b10
Event: 98.041 Thread 0x000001b6c370b860 flushing  nmethod 0x000001b6c6f58d90
Event: 98.041 Thread 0x000001b6c370b860 flushing  nmethod 0x000001b6c6f59590
Event: 98.041 Thread 0x000001b6c370b860 flushing  nmethod 0x000001b6c6f59d10
Event: 98.041 Thread 0x000001b6c370b860 flushing  nmethod 0x000001b6c6f5b290
Event: 98.041 Thread 0x000001b6c370b860 flushing  nmethod 0x000001b6c6f5b790
Event: 98.041 Thread 0x000001b6c370b860 flushing  nmethod 0x000001b6c6f5bc90
Event: 98.041 Thread 0x000001b6c370b860 flushing  nmethod 0x000001b6c6f5c090
Event: 98.041 Thread 0x000001b6c370b860 flushing  nmethod 0x000001b6c6f5d090
Event: 98.041 Thread 0x000001b6c370b860 flushing  nmethod 0x000001b6c6f5eb10
Event: 98.041 Thread 0x000001b6c370b860 flushing  nmethod 0x000001b6c6f69590
Event: 98.041 Thread 0x000001b6c370b860 flushing  nmethod 0x000001b6c6fc0c10
Event: 98.041 Thread 0x000001b6c370b860 flushing  nmethod 0x000001b6c6fc2b10
Event: 98.041 Thread 0x000001b6c370b860 flushing  nmethod 0x000001b6c6fc5c10
Event: 98.041 Thread 0x000001b6c370b860 flushing  nmethod 0x000001b6c6fc9a10
Event: 98.041 Thread 0x000001b6c370b860 flushing  nmethod 0x000001b6c6fd5e90
Event: 98.041 Thread 0x000001b6c370b860 flushing  nmethod 0x000001b6c701e110
Event: 98.041 Thread 0x000001b6c370b860 flushing osr nmethod 0x000001b6c703f510
Event: 98.041 Thread 0x000001b6c370b860 flushing  nmethod 0x000001b6c7040090
Event: 98.041 Thread 0x000001b6c370b860 flushing  nmethod 0x000001b6c7042790

Events (20 events):
Event: 77.313 Thread 0x000001b6daa5b8f0 Thread added: 0x000001b6da0620c0
Event: 78.740 Thread 0x000001b6daa5b8f0 Thread added: 0x000001b6df339f90
Event: 81.445 Thread 0x000001b6daa5b8f0 Thread added: 0x000001b6e00ccc10
Event: 81.708 Thread 0x000001b6daa5b8f0 Thread added: 0x000001b6e0661d90
Event: 81.778 Thread 0x000001b6daa5b8f0 Thread added: 0x000001b6dfebb6e0
Event: 82.040 Thread 0x000001b6e0661d90 Thread added: 0x000001b6dfeba9c0
Event: 85.459 Thread 0x000001b6dfebb6e0 Thread added: 0x000001b6dfebbd70
Event: 95.119 Thread 0x000001b6daa5b8f0 Thread added: 0x000001b6dfeb9610
Event: 95.122 Thread 0x000001b6dfebbd70 Thread added: 0x000001b6dfeb9ca0
Event: 99.191 Thread 0x000001b6dfeb9ca0 Thread added: 0x000001b6dfebb050
Event: 99.298 Thread 0x000001b6dfebb050 Thread added: 0x000001b6dfebc400
Event: 100.587 Thread 0x000001b6c1459830 Thread added: 0x000001b6dfeba330
Event: 100.596 Thread 0x000001b6c1459830 Thread added: 0x000001b6dfeb8f80
Event: 100.596 Thread 0x000001b6c1459830 Thread added: 0x000001b6e02e2910
Event: 101.018 Thread 0x000001b6c1459830 Thread added: 0x000001b6e02e2280
Event: 102.678 Thread 0x000001b6c1459830 Thread added: 0x000001b6e02e2fa0
Event: 102.678 Thread 0x000001b6c1459830 Thread added: 0x000001b6e02e0840
Event: 116.341 Thread 0x000001b6dfeba9c0 Thread added: 0x000001b6e02e3630
Event: 124.769 Thread 0x000001b6dfeba9c0 Thread added: 0x000001b6e02e3cc0
Event: 134.770 Thread 0x000001b6dfebbd70 Thread added: 0x000001b6e02e4350


Dynamic libraries:
0x00007ff7cae40000 - 0x00007ff7cae4e000 	c:\Users\HP\.vscode\extensions\redhat.java-1.53.0-win32-x64\jre\21.0.10-win32-x86_64\bin\java.exe
0x00007ff8e8140000 - 0x00007ff8e83a7000 	C:\WINDOWS\SYSTEM32\ntdll.dll
0x00007ff8e6290000 - 0x00007ff8e6359000 	C:\WINDOWS\System32\KERNEL32.DLL
0x00007ff8e5990000 - 0x00007ff8e5d81000 	C:\WINDOWS\System32\KERNELBASE.dll
0x00007ff8e4b90000 - 0x00007ff8e4cdb000 	C:\WINDOWS\System32\ucrtbase.dll
0x00007ff8d4c10000 - 0x00007ff8d4c2e000 	c:\Users\HP\.vscode\extensions\redhat.java-1.53.0-win32-x64\jre\21.0.10-win32-x86_64\bin\VCRUNTIME140.dll
0x00007ff8d4c30000 - 0x00007ff8d4c48000 	c:\Users\HP\.vscode\extensions\redhat.java-1.53.0-win32-x64\jre\21.0.10-win32-x86_64\bin\jli.dll
0x00007ff8e63e0000 - 0x00007ff8e65a5000 	C:\WINDOWS\System32\USER32.dll
0x00007ff8e5550000 - 0x00007ff8e5577000 	C:\WINDOWS\System32\win32u.dll
0x00007ff8e6be0000 - 0x00007ff8e6c0b000 	C:\WINDOWS\System32\GDI32.dll
0x00007ff8e5630000 - 0x00007ff8e575b000 	C:\WINDOWS\System32\gdi32full.dll
0x00007ff8e5580000 - 0x00007ff8e5623000 	C:\WINDOWS\System32\msvcp_win.dll
0x00007ff8cb3a0000 - 0x00007ff8cb633000 	C:\WINDOWS\WinSxS\amd64_microsoft.windows.common-controls_6595b64144ccf1df_6.0.26100.8037_none_3e092faae333b53b\COMCTL32.dll
0x00007ff8e6190000 - 0x00007ff8e6239000 	C:\WINDOWS\System32\msvcrt.dll
0x00007ff8e80c0000 - 0x00007ff8e80f1000 	C:\WINDOWS\System32\IMM32.DLL
0x00007ff8d4c00000 - 0x00007ff8d4c0c000 	c:\Users\HP\.vscode\extensions\redhat.java-1.53.0-win32-x64\jre\21.0.10-win32-x86_64\bin\vcruntime140_1.dll
0x00007ff882f30000 - 0x00007ff882fbd000 	c:\Users\HP\.vscode\extensions\redhat.java-1.53.0-win32-x64\jre\21.0.10-win32-x86_64\bin\msvcp140.dll
0x00007ff824380000 - 0x00007ff825121000 	c:\Users\HP\.vscode\extensions\redhat.java-1.53.0-win32-x64\jre\21.0.10-win32-x86_64\bin\server\jvm.dll
0x00007ff8e7c70000 - 0x00007ff8e7d2b000 	C:\WINDOWS\System32\ADVAPI32.dll
0x00007ff8e6690000 - 0x00007ff8e6737000 	C:\WINDOWS\System32\sechost.dll
0x00007ff8e6ac0000 - 0x00007ff8e6bd8000 	C:\WINDOWS\System32\RPCRT4.dll
0x00007ff8e7bf0000 - 0x00007ff8e7c64000 	C:\WINDOWS\System32\WS2_32.dll
0x00007ff8e4880000 - 0x00007ff8e48de000 	C:\WINDOWS\SYSTEM32\POWRPROF.dll
0x00007ff8cb640000 - 0x00007ff8cb675000 	C:\WINDOWS\SYSTEM32\WINMM.dll
0x00007ff8d5650000 - 0x00007ff8d565b000 	C:\WINDOWS\SYSTEM32\VERSION.dll
0x00007ff8e4860000 - 0x00007ff8e4874000 	C:\WINDOWS\SYSTEM32\UMPDC.dll
0x00007ff8e37b0000 - 0x00007ff8e37cb000 	C:\WINDOWS\SYSTEM32\kernel.appcore.dll
0x00007ff8b0ce0000 - 0x00007ff8b0cea000 	c:\Users\HP\.vscode\extensions\redhat.java-1.53.0-win32-x64\jre\21.0.10-win32-x86_64\bin\jimage.dll
0x00007ff8e2b70000 - 0x00007ff8e2db2000 	C:\WINDOWS\SYSTEM32\DBGHELP.DLL
0x00007ff8e7d30000 - 0x00007ff8e80b2000 	C:\WINDOWS\System32\combase.dll
0x00007ff8e68e0000 - 0x00007ff8e69b7000 	C:\WINDOWS\System32\OLEAUT32.dll
0x00007ff8ca7c0000 - 0x00007ff8ca7fb000 	C:\WINDOWS\SYSTEM32\dbgcore.DLL
0x00007ff8e58e0000 - 0x00007ff8e5985000 	C:\WINDOWS\System32\bcryptPrimitives.dll
0x00007ff8b0cd0000 - 0x00007ff8b0cdf000 	c:\Users\HP\.vscode\extensions\redhat.java-1.53.0-win32-x64\jre\21.0.10-win32-x86_64\bin\instrument.dll
0x00007ff8b0c70000 - 0x00007ff8b0c90000 	c:\Users\HP\.vscode\extensions\redhat.java-1.53.0-win32-x64\jre\21.0.10-win32-x86_64\bin\java.dll
0x00007ff8e7480000 - 0x00007ff8e7bdf000 	C:\WINDOWS\System32\SHELL32.dll
0x00007ff8e4a20000 - 0x00007ff8e4b8a000 	C:\WINDOWS\System32\wintypes.dll
0x00007ff8e4ce0000 - 0x00007ff8e5544000 	C:\WINDOWS\System32\windows.storage.dll
0x00007ff8e6770000 - 0x00007ff8e6867000 	C:\WINDOWS\System32\SHCORE.dll
0x00007ff8e6870000 - 0x00007ff8e68d7000 	C:\WINDOWS\System32\shlwapi.dll
0x00007ff8e4940000 - 0x00007ff8e4969000 	C:\WINDOWS\SYSTEM32\profapi.dll
0x00007ff8d0e60000 - 0x00007ff8d0e78000 	c:\Users\HP\.vscode\extensions\redhat.java-1.53.0-win32-x64\jre\21.0.10-win32-x86_64\bin\zip.dll
0x00007ff8d6250000 - 0x00007ff8d6260000 	C:\Users\HP\.vscode\extensions\redhat.java-1.53.0-win32-x64\jre\21.0.10-win32-x86_64\bin\net.dll
0x00007ff8d8b00000 - 0x00007ff8d8c27000 	C:\WINDOWS\SYSTEM32\WINHTTP.dll
0x00007ff8e3d20000 - 0x00007ff8e3d8b000 	C:\WINDOWS\system32\mswsock.dll
0x00007ff8ba8a0000 - 0x00007ff8ba8b6000 	C:\Users\HP\.vscode\extensions\redhat.java-1.53.0-win32-x64\jre\21.0.10-win32-x86_64\bin\nio.dll
0x00007ff8d52a0000 - 0x00007ff8d52b0000 	c:\Users\HP\.vscode\extensions\redhat.java-1.53.0-win32-x64\jre\21.0.10-win32-x86_64\bin\verify.dll
0x00007ff8a2ba0000 - 0x00007ff8a2be5000 	C:\Users\HP\AppData\Roaming\Code\User\globalStorage\redhat.java\1.53.0\config_win\org.eclipse.equinox.launcher\org.eclipse.equinox.launcher.win32.win32.x86_64_1.3.0.v20260203-2149\eclipse_11919.dll
0x00007ff8e7180000 - 0x00007ff8e7315000 	C:\WINDOWS\System32\ole32.dll
0x00007ff8e4000000 - 0x00007ff8e401b000 	C:\WINDOWS\SYSTEM32\CRYPTSP.dll
0x00007ff8e3710000 - 0x00007ff8e3749000 	C:\WINDOWS\system32\rsaenh.dll
0x00007ff8e3dd0000 - 0x00007ff8e3e02000 	C:\WINDOWS\SYSTEM32\USERENV.dll
0x00007ff8e4910000 - 0x00007ff8e493a000 	C:\WINDOWS\SYSTEM32\bcrypt.dll
0x00007ff8e4020000 - 0x00007ff8e402c000 	C:\WINDOWS\SYSTEM32\CRYPTBASE.dll
0x00007ff8e3270000 - 0x00007ff8e32a3000 	C:\WINDOWS\SYSTEM32\IPHLPAPI.DLL
0x00007ff8e7170000 - 0x00007ff8e717a000 	C:\WINDOWS\System32\NSI.dll
0x00007ff8a4160000 - 0x00007ff8a41a9000 	C:\Users\HP\AppData\Local\Temp\jna-2312\jna17253212921972829138.dll
0x00007ff8e7140000 - 0x00007ff8e7148000 	C:\WINDOWS\System32\PSAPI.DLL
0x00007ff8d8dc0000 - 0x00007ff8d8ddd000 	C:\WINDOWS\SYSTEM32\dhcpcsvc6.DLL
0x00007ff8d8ad0000 - 0x00007ff8d8af3000 	C:\WINDOWS\SYSTEM32\dhcpcsvc.DLL

JVMTI agents:
c:\Users\HP\.vscode\extensions\redhat.java-1.53.0-win32-x64\lombok\lombok-1.18.39-4050.jar path:c:\Users\HP\.vscode\extensions\redhat.java-1.53.0-win32-x64\jre\21.0.10-win32-x86_64\bin\instrument.dll, loaded, initialized, instrumentlib options:none

dbghelp: loaded successfully - version: 4.0.5 - missing functions: none
symbol engine: initialized successfully - sym options: 0x614 - pdb path: .;c:\Users\HP\.vscode\extensions\redhat.java-1.53.0-win32-x64\jre\21.0.10-win32-x86_64\bin;C:\WINDOWS\SYSTEM32;C:\WINDOWS\WinSxS\amd64_microsoft.windows.common-controls_6595b64144ccf1df_6.0.26100.8037_none_3e092faae333b53b;c:\Users\HP\.vscode\extensions\redhat.java-1.53.0-win32-x64\jre\21.0.10-win32-x86_64\bin\server;C:\Users\HP\AppData\Roaming\Code\User\globalStorage\redhat.java\1.53.0\config_win\org.eclipse.equinox.launcher\org.eclipse.equinox.launcher.win32.win32.x86_64_1.3.0.v20260203-2149;C:\Users\HP\AppData\Local\Temp\jna-2312

VM Arguments:
jvm_args: --add-modules=ALL-SYSTEM --add-opens=java.base/java.util=ALL-UNNAMED --add-opens=java.base/java.lang=ALL-UNNAMED --add-opens=java.base/sun.nio.fs=ALL-UNNAMED -Declipse.application=org.eclipse.jdt.ls.core.id1 -Dosgi.bundles.defaultStartLevel=4 -Declipse.product=org.eclipse.jdt.ls.core.product -Djava.import.generatesMetadataFilesAtProjectRoot=false -DDetectVMInstallationsJob.disabled=true -Dfile.encoding=utf8 -XX:+UseParallelGC -XX:GCTimeRatio=4 -XX:AdaptiveSizePolicyWeight=90 -Dsun.zip.disableMemoryMapping=true -Xmx2G -Xms100m -Xlog:disable -javaagent:c:\Users\HP\.vscode\extensions\redhat.java-1.53.0-win32-x64\lombok\lombok-1.18.39-4050.jar -XX:+HeapDumpOnOutOfMemoryError -XX:HeapDumpPath=c:\Users\HP\AppData\Roaming\Code\User\workspaceStorage\00f7675852a983da2a4f8b6830971500\redhat.java -Daether.dependencyCollector.impl=bf 
java_command: c:\Users\HP\.vscode\extensions\redhat.java-1.53.0-win32-x64\server\plugins\org.eclipse.equinox.launcher_1.7.100.v20251111-0406.jar -configuration c:\Users\HP\AppData\Roaming\Code\User\globalStorage\redhat.java\1.53.0\config_win -data c:\Users\HP\AppData\Roaming\Code\User\workspaceStorage\00f7675852a983da2a4f8b6830971500\redhat.java\jdt_ws --pipe=\\.\pipe\lsp-7f3a40b693949da45ffd92b3a73cefa5-sock
java_class_path (initial): c:\Users\HP\.vscode\extensions\redhat.java-1.53.0-win32-x64\server\plugins\org.eclipse.equinox.launcher_1.7.100.v20251111-0406.jar
Launcher Type: SUN_STANDARD

[Global flags]
    uintx AdaptiveSizePolicyWeight                 = 90                                        {product} {command line}
     intx CICompilerCount                          = 2                                         {product} {ergonomic}
    uintx GCTimeRatio                              = 4                                         {product} {command line}
     bool HeapDumpOnOutOfMemoryError               = true                                   {manageable} {command line}
    ccstr HeapDumpPath                             = c:\Users\HP\AppData\Roaming\Code\User\workspaceStorage\00f7675852a983da2a4f8b6830971500\redhat.java         {manageable} {command line}
   size_t InitialHeapSize                          = 104857600                                 {product} {command line}
   size_t MaxHeapSize                              = 2147483648                                {product} {command line}
   size_t MaxNewSize                               = 715653120                                 {product} {ergonomic}
   size_t MinHeapDeltaBytes                        = 524288                                    {product} {ergonomic}
   size_t MinHeapSize                              = 104857600                                 {product} {command line}
   size_t NewSize                                  = 34603008                                  {product} {ergonomic}
    uintx NonNMethodCodeHeapSize                   = 5826188                                {pd product} {ergonomic}
    uintx NonProfiledCodeHeapSize                  = 122916026                              {pd product} {ergonomic}
   size_t OldSize                                  = 70254592                                  {product} {ergonomic}
    uintx ProfiledCodeHeapSize                     = 122916026                              {pd product} {ergonomic}
    uintx ReservedCodeCacheSize                    = 251658240                              {pd product} {ergonomic}
     bool SegmentedCodeCache                       = true                                      {product} {ergonomic}
   size_t SoftMaxHeapSize                          = 2147483648                             {manageable} {ergonomic}
     bool UseCompressedOops                        = true                           {product lp64_product} {ergonomic}
     bool UseLargePagesIndividualAllocation        = false                                  {pd product} {ergonomic}
     bool UseParallelGC                            = true                                      {product} {command line}

Logging:
Log output configuration:
 #0: stdout all=off uptime,level,tags foldmultilines=false
 #1: stderr all=off uptime,level,tags foldmultilines=false

Release file:
JAVA_VERSION="21.0.10" 
MODULES="java.base java.compiler java.datatransfer java.xml java.prefs java.desktop java.instrument java.logging java.management java.security.sasl java.naming java.rmi java.management.rmi java.net.http java.scripting java.security.jgss java.transaction.xa java.sql java.sql.rowset java.xml.crypto java.se java.smartcardio jdk.accessibility jdk.internal.jvmstat jdk.attach jdk.charsets jdk.internal.opt jdk.zipfs jdk.compiler jdk.crypto.ec jdk.crypto.cryptoki jdk.crypto.mscapi jdk.dynalink jdk.internal.ed jdk.editpad jdk.hotspot.agent jdk.httpserver jdk.internal.le jdk.internal.vm.ci jdk.internal.vm.compiler jdk.internal.vm.compiler.management jdk.jartool jdk.javadoc jdk.jcmd jdk.management jdk.management.agent jdk.jconsole jdk.jdeps jdk.jdwp.agent jdk.jdi jdk.jfr jdk.jshell jdk.jsobject jdk.jstatd jdk.localedata jdk.management.jfr jdk.naming.dns jdk.naming.rmi jdk.net jdk.nio.mapmode jdk.random jdk.sctp jdk.security.auth jdk.security.jgss jdk.unsupported jdk.unsupported.desktop jdk.xml.dom" 

Environment Variables:
PATH=C:\Users\HP\AppData\Local\Programs\Microsoft VS Code;"C:\Python313\Scripts\;C:\Program Files\MySQL\MySQL Server 8.0\bin";C:\Python313\;C:\Program Files\Python312\Scripts\;C:\Program Files\Python312\;C:\WINDOWS\system32;C:\WINDOWS;C:\WINDOWS\System32\Wbem;C:\WINDOWS\System32\WindowsPowerShell\v1.0\;C:\WINDOWS\System32\OpenSSH\;C:\xampp\php;C:\composer;C:\MinGW\bin;C:\Program Files\nodejs\;C:\ProgramData\chocolatey\bin;C:\Program Files\MySQL\MySQL Server 8.0\bin;C:\Users\HP\AppData\Roaming\Python\Python312\Scripts;C:\Program Files\MongoDB\Server\8.0\bin;C:\devops\Git\cmd;"C:\Python313\Scripts\;C:\Program Files\MySQL\MySQL Server 8.0\bin";C:\Python313\;C:\Program Files\Python312\Scripts\;C:\Program Files\Python312\;C:\WINDOWS\system32;C:\WINDOWS;C:\WINDOWS\System32\Wbem;C:\WINDOWS\System32\WindowsPowerShell\v1.0\;C:\WINDOWS\System32\OpenSSH\;C:\xampp\php;C:\composer;C:\MinGW\bin;C:\Program Files\nodejs\;C:\ProgramData\chocolatey\bin;C:\Program Files\MySQL\MySQL Server 8.0\bin;C:\Users\HP\AppData\Roaming\Python\Python312\Scripts;C:\Program Files\MongoDB\Server\8.0\bin;C:\devops\Git\cmd;C:\sqlite;C:\Users\HP\AppData\Local\Programs\Microsoft VS Code\bin
USERNAME=HP
OS=Windows_NT
PROCESSOR_IDENTIFIER=Intel64 Family 6 Model 122 Stepping 8, GenuineIntel
TMP=C:\Users\HP\AppData\Local\Temp
TEMP=C:\Users\HP\AppData\Local\Temp




Periodic native trim disabled

---------------  S Y S T E M  ---------------

OS:
 Windows 11 , 64 bit Build 26100 (10.0.26100.7920)
OS uptime: 5 days 7:17 hours

CPU: total 2 (initial active 2) (2 cores per cpu, 1 threads per core) family 6 model 122 stepping 8 microcode 0x20, cx8, cmov, fxsr, mmx, 3dnowpref, sse, sse2, sse3, ssse3, sse4.1, sse4.2, popcnt, tsc, tscinvbit, aes, erms, clmul, sha, clflush, clflushopt, rdtscp, rdpid
Processor Information for the first 2 processors :
  Max Mhz: 1101, Current Mhz: 1101, Mhz Limit: 1101

Memory: 4k page, system-wide physical 8003M (524M free)
TotalPageFile size 12701M (AvailPageFile size 1M)
current process WorkingSet (physical memory assigned to process): 219M, peak: 253M
current process commit charge ("private bytes"): 301M, peak: 332M

vm_info: OpenJDK 64-Bit Server VM (21.0.10+7-LTS) for windows-amd64 JRE (21.0.10+7-LTS), built on 2026-01-20T00:00:00Z by "admin" with MS VC++ 17.12 (VS2022)

END.
