#
# There is insufficient memory for the Java Runtime Environment to continue.
# Native memory allocation (malloc) failed to allocate 1048576 bytes. Error detail: AllocateHeap
# Possible reasons:
#   The system is out of physical RAM or swap space
#   This process is running with CompressedOops enabled, and the Java Heap may be blocking the growth of the native heap
# Possible solutions:
#   Reduce memory load on the system
#   Increase physical memory or swap space
#   Check if swap backing store is full
#   Decrease Java heap size (-Xmx/-Xms)
#   Decrease number of Java threads
#   Decrease Java thread stack sizes (-Xss)
#   Set larger code cache with -XX:ReservedCodeCacheSize=
#   JVM is running with Unscaled Compressed Oops mode in which the Java heap is
#     placed in the first 4GB address space. The Java Heap base address is the
#     maximum limit for the native heap growth. Please use -XX:HeapBaseMinAddress
#     to set the Java Heap base and to place the Java Heap above 4GB virtual address.
# This output file may be truncated or incomplete.
#
#  Out of Memory Error (allocation.cpp:44), pid=5460, tid=14976
#
# JRE version: OpenJDK Runtime Environment Temurin-21.0.10+7 (21.0.10+7) (build 21.0.10+7-LTS)
# Java VM: OpenJDK 64-Bit Server VM Temurin-21.0.10+7 (21.0.10+7-LTS, mixed mode, sharing, tiered, compressed oops, compressed class ptrs, parallel gc, windows-amd64)
# No core dump will be written. Minidumps are not enabled by default on client versions of Windows
#

---------------  S U M M A R Y ------------

Command Line: --add-modules=ALL-SYSTEM --add-opens=java.base/java.util=ALL-UNNAMED --add-opens=java.base/java.lang=ALL-UNNAMED --add-opens=java.base/sun.nio.fs=ALL-UNNAMED -Declipse.application=org.eclipse.jdt.ls.core.id1 -Dosgi.bundles.defaultStartLevel=4 -Declipse.product=org.eclipse.jdt.ls.core.product -Djava.import.generatesMetadataFilesAtProjectRoot=false -DDetectVMInstallationsJob.disabled=true -Dfile.encoding=utf8 -XX:+UseParallelGC -XX:GCTimeRatio=4 -XX:AdaptiveSizePolicyWeight=90 -Dsun.zip.disableMemoryMapping=true -Xmx2G -Xms100m -Xlog:disable -javaagent:c:\Users\HP\.vscode\extensions\redhat.java-1.53.0-win32-x64\lombok\lombok-1.18.39-4050.jar -XX:+HeapDumpOnOutOfMemoryError -XX:HeapDumpPath=c:\Users\HP\AppData\Roaming\Code\User\workspaceStorage\00f7675852a983da2a4f8b6830971500\redhat.java -Daether.dependencyCollector.impl=bf c:\Users\HP\.vscode\extensions\redhat.java-1.53.0-win32-x64\server\plugins\org.eclipse.equinox.launcher_1.7.100.v20251111-0406.jar -configuration c:\Users\HP\AppData\Roaming\Code\User\globalStorage\redhat.java\1.53.0\config_win -data c:\Users\HP\AppData\Roaming\Code\User\workspaceStorage\00f7675852a983da2a4f8b6830971500\redhat.java\jdt_ws --pipe=\\.\pipe\lsp-9ca53781d3b95f0c6f8a770f974418a9-sock

Host: Intel(R) Celeron(R) N4020 CPU @ 1.10GHz, 2 cores, 7G,  Windows 11 , 64 bit Build 26100 (10.0.26100.7920)
Time: Wed Mar 18 19:27:42 2026 India Standard Time elapsed time: 1126.047884 seconds (0d 0h 18m 46s)

---------------  T H R E A D  ---------------

Current thread (0x000001fc6d1b03f0):  JavaThread "Attach Listener" daemon [_thread_in_vm, id=14976, stack(0x0000008a03200000,0x0000008a03300000) (1024K)]

Stack: [0x0000008a03200000,0x0000008a03300000]
Native frames: (J=compiled Java code, j=interpreted, Vv=VM code, C=native code)
V  [jvm.dll+0x6d7a39]
V  [jvm.dll+0x8b4b26]
V  [jvm.dll+0x8b70de]
V  [jvm.dll+0x8b77c3]
V  [jvm.dll+0x284346]
V  [jvm.dll+0xc1277]
V  [jvm.dll+0x6d82e9]
V  [jvm.dll+0x1334a6]
V  [jvm.dll+0x3f857e]
V  [jvm.dll+0x85f59d]
V  [jvm.dll+0x6d626d]
C  [ucrtbase.dll+0x37b0]
C  [KERNEL32.DLL+0x2e8d7]
C  [ntdll.dll+0x8c48c]


---------------  P R O C E S S  ---------------

Threads class SMR info:
_java_thread_list=0x000001fc5626e3e0, length=29, elements={
0x000001fc6d3010b0, 0x000001fc6d1a6f80, 0x000001fc6d1adc20, 0x000001fc6d1af890,
0x000001fc6d1b03f0, 0x000001fc6d1b33c0, 0x000001fc6d1b3f50, 0x000001fc6d1b4d90,
0x000001fc6d22f1c0, 0x000001fc4537a2e0, 0x000001fc4546a650, 0x000001fc45636880,
0x000001fc45484190, 0x000001fc45362810, 0x000001fc45363250, 0x000001fc45cb3190,
0x000001fc457d0010, 0x000001fc4a0a53f0, 0x000001fc4a04d4e0, 0x000001fc4a04baa0,
0x000001fc4b89eb00, 0x000001fc4b89c3a0, 0x000001fc4b89e470, 0x000001fc4b89ca30,
0x000001fc4b89f190, 0x000001fc4b89d0c0, 0x000001fc4b89dde0, 0x000001fc4ae171e0,
0x000001fc4c6a1ed0
}

Java Threads: ( => current thread )
  0x000001fc6d3010b0 JavaThread "main"                              [_thread_blocked, id=2444, stack(0x0000008a02b00000,0x0000008a02c00000) (1024K)]
  0x000001fc6d1a6f80 JavaThread "Reference Handler"          daemon [_thread_blocked, id=15652, stack(0x0000008a02f00000,0x0000008a03000000) (1024K)]
  0x000001fc6d1adc20 JavaThread "Finalizer"                  daemon [_thread_blocked, id=5008, stack(0x0000008a03000000,0x0000008a03100000) (1024K)]
  0x000001fc6d1af890 JavaThread "Signal Dispatcher"          daemon [_thread_blocked, id=6380, stack(0x0000008a03100000,0x0000008a03200000) (1024K)]
=>0x000001fc6d1b03f0 JavaThread "Attach Listener"            daemon [_thread_in_vm, id=14976, stack(0x0000008a03200000,0x0000008a03300000) (1024K)]
  0x000001fc6d1b33c0 JavaThread "Service Thread"             daemon [_thread_blocked, id=10444, stack(0x0000008a03300000,0x0000008a03400000) (1024K)]
  0x000001fc6d1b3f50 JavaThread "Monitor Deflation Thread"   daemon [_thread_blocked, id=17356, stack(0x0000008a03400000,0x0000008a03500000) (1024K)]
  0x000001fc6d1b4d90 JavaThread "C2 CompilerThread0"         daemon [_thread_blocked, id=9304, stack(0x0000008a03500000,0x0000008a03600000) (1024K)]
  0x000001fc6d22f1c0 JavaThread "C1 CompilerThread0"         daemon [_thread_blocked, id=12824, stack(0x0000008a03600000,0x0000008a03700000) (1024K)]
  0x000001fc4537a2e0 JavaThread "Common-Cleaner"             daemon [_thread_blocked, id=19112, stack(0x0000008a03700000,0x0000008a03800000) (1024K)]
  0x000001fc4546a650 JavaThread "Notification Thread"        daemon [_thread_blocked, id=9392, stack(0x0000008a03800000,0x0000008a03900000) (1024K)]
  0x000001fc45636880 JavaThread "Active Thread: Equinox Container: fe7e96e8-e1e4-4933-9369-e155289d734d"        [_thread_blocked, id=3080, stack(0x0000008a03a00000,0x0000008a03b00000) (1024K)]
  0x000001fc45484190 JavaThread "Refresh Thread: Equinox Container: fe7e96e8-e1e4-4933-9369-e155289d734d" daemon [_thread_blocked, id=16432, stack(0x0000008a03b00000,0x0000008a03c00000) (1024K)]
  0x000001fc45362810 JavaThread "Framework Event Dispatcher: Equinox Container: fe7e96e8-e1e4-4933-9369-e155289d734d" daemon [_thread_blocked, id=10148, stack(0x0000008a03c00000,0x0000008a03d00000) (1024K)]
  0x000001fc45363250 JavaThread "Start Level: Equinox Container: fe7e96e8-e1e4-4933-9369-e155289d734d" daemon [_thread_blocked, id=17588, stack(0x0000008a03d00000,0x0000008a03e00000) (1024K)]
  0x000001fc45cb3190 JavaThread "Bundle File Closer"         daemon [_thread_blocked, id=19248, stack(0x0000008a03e00000,0x0000008a03f00000) (1024K)]
  0x000001fc457d0010 JavaThread "SCR Component Actor"        daemon [_thread_blocked, id=7104, stack(0x0000008a03f00000,0x0000008a04000000) (1024K)]
  0x000001fc4a0a53f0 JavaThread "Worker-JM"                         [_thread_blocked, id=18996, stack(0x0000008a04000000,0x0000008a04100000) (1024K)]
  0x000001fc4a04d4e0 JavaThread "JNA Cleaner"                daemon [_thread_blocked, id=12576, stack(0x0000008a04100000,0x0000008a04200000) (1024K)]
  0x000001fc4a04baa0 JavaThread "Java indexing"              daemon [_thread_blocked, id=9288, stack(0x0000008a04600000,0x0000008a04700000) (1024K)]
  0x000001fc4b89eb00 JavaThread "Worker-5"                          [_thread_blocked, id=11284, stack(0x0000008a04a00000,0x0000008a04b00000) (1024K)]
  0x000001fc4b89c3a0 JavaThread "Thread-1"                   daemon [_thread_in_native, id=15376, stack(0x0000008a04b00000,0x0000008a04c00000) (1024K)]
  0x000001fc4b89e470 JavaThread "Thread-2"                   daemon [_thread_in_native, id=11168, stack(0x0000008a04c00000,0x0000008a04d00000) (1024K)]
  0x000001fc4b89ca30 JavaThread "Thread-3"                   daemon [_thread_in_native, id=3204, stack(0x0000008a04d00000,0x0000008a04e00000) (1024K)]
  0x000001fc4b89f190 JavaThread "pool-2-thread-1"                   [_thread_blocked, id=4348, stack(0x0000008a04e00000,0x0000008a04f00000) (1024K)]
  0x000001fc4b89d0c0 JavaThread "WorkspaceEventsHandler"            [_thread_blocked, id=12044, stack(0x0000008a04f00000,0x0000008a05000000) (1024K)]
  0x000001fc4b89dde0 JavaThread "pool-1-thread-1"                   [_thread_blocked, id=5000, stack(0x0000008a05000000,0x0000008a05100000) (1024K)]
  0x000001fc4ae171e0 JavaThread "Cleaner-0"                  daemon [_thread_blocked, id=10488, stack(0x0000008a04200000,0x0000008a04300000) (1024K)]
  0x000001fc4c6a1ed0 JavaThread "Worker-8"                          [_thread_blocked, id=16332, stack(0x0000008a04700000,0x0000008a04800000) (1024K)]
Total: 29

Other Threads:
  0x000001fc6d3bd530 VMThread "VM Thread"                           [id=5452, stack(0x0000008a02e00000,0x0000008a02f00000) (1024K)]
  0x000001fc6d18bb00 WatcherThread "VM Periodic Task Thread"        [id=15388, stack(0x0000008a02d00000,0x0000008a02e00000) (1024K)]
  0x000001fc6d31e6e0 WorkerThread "GC Thread#0"                     [id=14824, stack(0x0000008a02c00000,0x0000008a02d00000) (1024K)]
  0x000001fc45271a60 WorkerThread "GC Thread#1"                     [id=11776, stack(0x0000008a03900000,0x0000008a03a00000) (1024K)]
Total: 4

Threads with active compile tasks:
Total: 0

VM state: not at safepoint (normal execution)

VM Mutex/Monitor currently owned by a thread: None

Heap address: 0x0000000080000000, size: 2048 MB, Compressed Oops mode: 32-bit

CDS archive(s) mapped at: [0x000001fc04000000-0x000001fc04ba0000-0x000001fc04ba0000), size 12189696, SharedBaseAddress: 0x000001fc04000000, ArchiveRelocationMode: 1.
Compressed class space mapped at: 0x000001fc05000000-0x000001fc45000000, reserved size: 1073741824
Narrow klass base: 0x000001fc04000000, Narrow klass shift: 0, Narrow klass range: 0x100000000

GC Precious Log:
 CardTable entry size: 512
 CPUs: 2 total, 2 available
 Memory: 8003M
 Large Page Support: Disabled
 NUMA Support: Disabled
 Compressed Oops: Enabled (32-bit)
 Alignments: Space 512K, Generation 512K, Heap 2M
 Heap Min Capacity: 100M
 Heap Initial Capacity: 100M
 Heap Max Capacity: 2G
 Pre-touch: Disabled
 Parallel Workers: 2

Heap:
 PSYoungGen      total 5632K, used 4593K [0x00000000d5580000, 0x00000000d5e80000, 0x0000000100000000)
  eden space 4096K, 80% used [0x00000000d5580000,0x00000000d58b8ae0,0x00000000d5980000)
  from space 1536K, 84% used [0x00000000d5d00000,0x00000000d5e43b90,0x00000000d5e80000)
  to   space 2560K, 0% used [0x00000000d5980000,0x00000000d5980000,0x00000000d5c00000)
 ParOldGen       total 190464K, used 190163K [0x0000000080000000, 0x000000008ba00000, 0x00000000d5580000)
  object space 190464K, 99% used [0x0000000080000000,0x000000008b9b4f98,0x000000008ba00000)
 Metaspace       used 83665K, committed 85312K, reserved 1179648K
  class space    used 8776K, committed 9472K, reserved 1048576K

Card table byte_map: [0x000001fc6cca0000,0x000001fc6d0b0000] _byte_map_base: 0x000001fc6c8a0000

Marking Bits: (ParMarkBitMap*) 0x00007ff825043450
 Begin Bits: [0x000001fc00000000, 0x000001fc02000000)
 End Bits:   [0x000001fc02000000, 0x000001fc04000000)

Polling page: 0x000001fc6af00000

Metaspace:

Usage:
  Non-class:     73.13 MB used.
      Class:      8.57 MB used.
       Both:     81.70 MB used.

Virtual space:
  Non-class space:      128.00 MB reserved,      74.06 MB ( 58%) committed,  2 nodes.
      Class space:        1.00 GB reserved,       9.25 MB ( <1%) committed,  1 nodes.
             Both:        1.12 GB reserved,      83.31 MB (  7%) committed. 

Chunk freelists:
   Non-Class:  5.81 MB
       Class:  6.76 MB
        Both:  12.57 MB

MaxMetaspaceSize: unlimited
CompressedClassSpaceSize: 1.00 GB
Initial GC threshold: 21.00 MB
Current GC threshold: 133.38 MB
CDS: on
 - commit_granule_bytes: 65536.
 - commit_granule_words: 8192.
 - virtual_space_node_default_size: 8388608.
 - enlarge_chunks_in_place: 1.
 - use_allocation_guard: 0.


Internal statistics:

num_allocs_failed_limit: 11.
num_arena_births: 1526.
num_arena_deaths: 16.
num_vsnodes_births: 3.
num_vsnodes_deaths: 0.
num_space_committed: 1333.
num_space_uncommitted: 0.
num_chunks_returned_to_freelist: 28.
num_chunks_taken_from_freelist: 5405.
num_chunk_merges: 16.
num_chunk_splits: 3372.
num_chunks_enlarged: 1962.
num_inconsistent_stats: 0.

CodeHeap 'non-profiled nmethods': size=120064Kb used=16310Kb max_used=16310Kb free=103753Kb
 bounds [0x000001fc77fc0000, 0x000001fc78fb0000, 0x000001fc7f500000]
CodeHeap 'profiled nmethods': size=120000Kb used=39797Kb max_used=39797Kb free=80202Kb
 bounds [0x000001fc70500000, 0x000001fc72be0000, 0x000001fc77a30000]
CodeHeap 'non-nmethods': size=5696Kb used=1504Kb max_used=1556Kb free=4191Kb
 bounds [0x000001fc77a30000, 0x000001fc77ca0000, 0x000001fc77fc0000]
CodeCache: size=245760Kb, used=57611Kb, max_used=57663Kb, free=188146Kb
 total_blobs=15930, nmethods=15103, adapters=728, full_count=0
Compilation: enabled, stopped_count=0, restarted_count=0

Compilation events (20 events):
Event: 918.389 Thread 0x000001fc6d22f1c0 16638       3       org.eclipse.jdt.core.dom.SimpleType::internalGetSetChildProperty (34 bytes)
Event: 918.390 Thread 0x000001fc6d22f1c0 nmethod 16638 0x000001fc72bd9190 code [0x000001fc72bd9380, 0x000001fc72bd97e0]
Event: 918.391 Thread 0x000001fc6d22f1c0 16639       3       org.eclipse.jdt.core.dom.StringLiteral::internalStructuralPropertiesForType (5 bytes)
Event: 918.391 Thread 0x000001fc6d22f1c0 nmethod 16639 0x000001fc72bd9910 code [0x000001fc72bd9ac0, 0x000001fc72bd9c30]
Event: 918.391 Thread 0x000001fc6d22f1c0 16640       3       org.eclipse.jdt.core.dom.ExpressionStatement::internalStructuralPropertiesForType (5 bytes)
Event: 918.392 Thread 0x000001fc6d22f1c0 nmethod 16640 0x000001fc72bd9d10 code [0x000001fc72bd9ec0, 0x000001fc72bda030]
Event: 918.392 Thread 0x000001fc6d22f1c0 16641       3       org.eclipse.jdt.core.dom.InfixExpression::internalStructuralPropertiesForType (5 bytes)
Event: 918.392 Thread 0x000001fc6d22f1c0 nmethod 16641 0x000001fc72bda110 code [0x000001fc72bda2c0, 0x000001fc72bda430]
Event: 980.682 Thread 0x000001fc6d22f1c0 16642       3       java.util.concurrent.locks.ReentrantLock::lockInterruptibly (8 bytes)
Event: 980.683 Thread 0x000001fc6d22f1c0 nmethod 16642 0x000001fc72bda510 code [0x000001fc72bda720, 0x000001fc72bdaca8]
Event: 1044.677 Thread 0x000001fc6d22f1c0 16643   !   3       java.util.concurrent.locks.AbstractQueuedSynchronizer$ConditionObject::newConditionNode (78 bytes)
Event: 1044.678 Thread 0x000001fc6d22f1c0 nmethod 16643 0x000001fc72bdae90 code [0x000001fc72bdb100, 0x000001fc72bdb8e0]
Event: 1044.678 Thread 0x000001fc6d22f1c0 16644       3       java.util.concurrent.locks.AbstractQueuedSynchronizer$ConditionNode::<init> (5 bytes)
Event: 1044.679 Thread 0x000001fc6d22f1c0 nmethod 16644 0x000001fc72bdbb90 code [0x000001fc72bdbd40, 0x000001fc72bdbf08]
Event: 1044.679 Thread 0x000001fc6d22f1c0 16645       3       java.util.concurrent.locks.AbstractQueuedSynchronizer$ConditionObject::enableWait (84 bytes)
Event: 1044.679 Thread 0x000001fc6d22f1c0 nmethod 16645 0x000001fc72bdc010 code [0x000001fc72bdc220, 0x000001fc72bdc858]
Event: 1077.317 Thread 0x000001fc6d22f1c0 16646   !   3       java.util.concurrent.locks.AbstractQueuedSynchronizer::reacquire (64 bytes)
Event: 1077.318 Thread 0x000001fc6d22f1c0 nmethod 16646 0x000001fc72bdca90 code [0x000001fc72bdcc60, 0x000001fc72bdcfd0]
Event: 1101.436 Thread 0x000001fc6d22f1c0 16647       3       java.util.concurrent.ScheduledThreadPoolExecutor$ScheduledFutureTask::isPeriodic (15 bytes)
Event: 1101.437 Thread 0x000001fc6d22f1c0 nmethod 16647 0x000001fc72bdd190 code [0x000001fc72bdd320, 0x000001fc72bdd488]

GC Heap History (20 events):
Event: 916.655 GC heap before
{Heap before GC invocations=313 (full 4):
 PSYoungGen      total 2048K, used 1797K [0x00000000d5580000, 0x00000000d5980000, 0x0000000100000000)
  eden space 1536K, 98% used [0x00000000d5580000,0x00000000d56f9408,0x00000000d5700000)
  from space 512K, 56% used [0x00000000d5900000,0x00000000d5948000,0x00000000d5980000)
  to   space 512K, 0% used [0x00000000d5880000,0x00000000d5880000,0x00000000d5900000)
 ParOldGen       total 182784K, used 182403K [0x0000000080000000, 0x000000008b280000, 0x00000000d5580000)
  object space 182784K, 99% used [0x0000000080000000,0x000000008b220f18,0x000000008b280000)
 Metaspace       used 83645K, committed 85312K, reserved 1179648K
  class space    used 8776K, committed 9472K, reserved 1048576K
}
Event: 916.658 GC heap after
{Heap after GC invocations=313 (full 4):
 PSYoungGen      total 2048K, used 128K [0x00000000d5580000, 0x00000000d5980000, 0x0000000100000000)
  eden space 1536K, 0% used [0x00000000d5580000,0x00000000d5580000,0x00000000d5700000)
  from space 512K, 25% used [0x00000000d5880000,0x00000000d58a0010,0x00000000d5900000)
  to   space 512K, 0% used [0x00000000d5900000,0x00000000d5900000,0x00000000d5980000)
 ParOldGen       total 182784K, used 182411K [0x0000000080000000, 0x000000008b280000, 0x00000000d5580000)
  object space 182784K, 99% used [0x0000000080000000,0x000000008b222f18,0x000000008b280000)
 Metaspace       used 83645K, committed 85312K, reserved 1179648K
  class space    used 8776K, committed 9472K, reserved 1048576K
}
Event: 916.731 GC heap before
{Heap before GC invocations=314 (full 4):
 PSYoungGen      total 2048K, used 1664K [0x00000000d5580000, 0x00000000d5980000, 0x0000000100000000)
  eden space 1536K, 100% used [0x00000000d5580000,0x00000000d5700000,0x00000000d5700000)
  from space 512K, 25% used [0x00000000d5880000,0x00000000d58a0010,0x00000000d5900000)
  to   space 512K, 0% used [0x00000000d5900000,0x00000000d5900000,0x00000000d5980000)
 ParOldGen       total 182784K, used 182411K [0x0000000080000000, 0x000000008b280000, 0x00000000d5580000)
  object space 182784K, 99% used [0x0000000080000000,0x000000008b222f18,0x000000008b280000)
 Metaspace       used 83652K, committed 85312K, reserved 1179648K
  class space    used 8776K, committed 9472K, reserved 1048576K
}
Event: 916.733 GC heap after
{Heap after GC invocations=314 (full 4):
 PSYoungGen      total 2048K, used 352K [0x00000000d5580000, 0x00000000d5980000, 0x0000000100000000)
  eden space 1536K, 0% used [0x00000000d5580000,0x00000000d5580000,0x00000000d5700000)
  from space 512K, 68% used [0x00000000d5900000,0x00000000d5958020,0x00000000d5980000)
  to   space 512K, 0% used [0x00000000d5880000,0x00000000d5880000,0x00000000d5900000)
 ParOldGen       total 182784K, used 182419K [0x0000000080000000, 0x000000008b280000, 0x00000000d5580000)
  object space 182784K, 99% used [0x0000000080000000,0x000000008b224f18,0x000000008b280000)
 Metaspace       used 83652K, committed 85312K, reserved 1179648K
  class space    used 8776K, committed 9472K, reserved 1048576K
}
Event: 916.743 GC heap before
{Heap before GC invocations=315 (full 4):
 PSYoungGen      total 2048K, used 1888K [0x00000000d5580000, 0x00000000d5980000, 0x0000000100000000)
  eden space 1536K, 100% used [0x00000000d5580000,0x00000000d5700000,0x00000000d5700000)
  from space 512K, 68% used [0x00000000d5900000,0x00000000d5958020,0x00000000d5980000)
  to   space 512K, 0% used [0x00000000d5880000,0x00000000d5880000,0x00000000d5900000)
 ParOldGen       total 182784K, used 182419K [0x0000000080000000, 0x000000008b280000, 0x00000000d5580000)
  object space 182784K, 99% used [0x0000000080000000,0x000000008b224f18,0x000000008b280000)
 Metaspace       used 83652K, committed 85312K, reserved 1179648K
  class space    used 8776K, committed 9472K, reserved 1048576K
}
Event: 916.747 GC heap after
{Heap after GC invocations=315 (full 4):
 PSYoungGen      total 2048K, used 288K [0x00000000d5580000, 0x00000000d5980000, 0x0000000100000000)
  eden space 1536K, 0% used [0x00000000d5580000,0x00000000d5580000,0x00000000d5700000)
  from space 512K, 56% used [0x00000000d5880000,0x00000000d58c8000,0x00000000d5900000)
  to   space 512K, 0% used [0x00000000d5900000,0x00000000d5900000,0x00000000d5980000)
 ParOldGen       total 182784K, used 182499K [0x0000000080000000, 0x000000008b280000, 0x00000000d5580000)
  object space 182784K, 99% used [0x0000000080000000,0x000000008b238f38,0x000000008b280000)
 Metaspace       used 83652K, committed 85312K, reserved 1179648K
  class space    used 8776K, committed 9472K, reserved 1048576K
}
Event: 918.221 GC heap before
{Heap before GC invocations=316 (full 4):
 PSYoungGen      total 2048K, used 1824K [0x00000000d5580000, 0x00000000d5980000, 0x0000000100000000)
  eden space 1536K, 100% used [0x00000000d5580000,0x00000000d5700000,0x00000000d5700000)
  from space 512K, 56% used [0x00000000d5880000,0x00000000d58c8000,0x00000000d5900000)
  to   space 512K, 0% used [0x00000000d5900000,0x00000000d5900000,0x00000000d5980000)
 ParOldGen       total 182784K, used 182499K [0x0000000080000000, 0x000000008b280000, 0x00000000d5580000)
  object space 182784K, 99% used [0x0000000080000000,0x000000008b238f38,0x000000008b280000)
 Metaspace       used 83652K, committed 85312K, reserved 1179648K
  class space    used 8776K, committed 9472K, reserved 1048576K
}
Event: 918.223 GC heap after
{Heap after GC invocations=316 (full 4):
 PSYoungGen      total 2048K, used 494K [0x00000000d5580000, 0x00000000d5980000, 0x0000000100000000)
  eden space 1536K, 0% used [0x00000000d5580000,0x00000000d5580000,0x00000000d5700000)
  from space 512K, 96% used [0x00000000d5900000,0x00000000d597bba0,0x00000000d5980000)
  to   space 1024K, 0% used [0x00000000d5780000,0x00000000d5780000,0x00000000d5880000)
 ParOldGen       total 182784K, used 182547K [0x0000000080000000, 0x000000008b280000, 0x00000000d5580000)
  object space 182784K, 99% used [0x0000000080000000,0x000000008b244f48,0x000000008b280000)
 Metaspace       used 83652K, committed 85312K, reserved 1179648K
  class space    used 8776K, committed 9472K, reserved 1048576K
}
Event: 918.232 GC heap before
{Heap before GC invocations=317 (full 4):
 PSYoungGen      total 2048K, used 2030K [0x00000000d5580000, 0x00000000d5980000, 0x0000000100000000)
  eden space 1536K, 100% used [0x00000000d5580000,0x00000000d5700000,0x00000000d5700000)
  from space 512K, 96% used [0x00000000d5900000,0x00000000d597bba0,0x00000000d5980000)
  to   space 1024K, 0% used [0x00000000d5780000,0x00000000d5780000,0x00000000d5880000)
 ParOldGen       total 182784K, used 182547K [0x0000000080000000, 0x000000008b280000, 0x00000000d5580000)
  object space 182784K, 99% used [0x0000000080000000,0x000000008b244f48,0x000000008b280000)
 Metaspace       used 83652K, committed 85312K, reserved 1179648K
  class space    used 8776K, committed 9472K, reserved 1048576K
}
Event: 918.236 GC heap after
{Heap after GC invocations=317 (full 4):
 PSYoungGen      total 2560K, used 1024K [0x00000000d5580000, 0x00000000d5c00000, 0x0000000100000000)
  eden space 1536K, 0% used [0x00000000d5580000,0x00000000d5580000,0x00000000d5700000)
  from space 1024K, 100% used [0x00000000d5780000,0x00000000d5880000,0x00000000d5880000)
  to   space 2560K, 0% used [0x00000000d5980000,0x00000000d5980000,0x00000000d5c00000)
 ParOldGen       total 183808K, used 183503K [0x0000000080000000, 0x000000008b380000, 0x00000000d5580000)
  object space 183808K, 99% used [0x0000000080000000,0x000000008b333f68,0x000000008b380000)
 Metaspace       used 83652K, committed 85312K, reserved 1179648K
  class space    used 8776K, committed 9472K, reserved 1048576K
}
Event: 918.244 GC heap before
{Heap before GC invocations=318 (full 4):
 PSYoungGen      total 2560K, used 2560K [0x00000000d5580000, 0x00000000d5c00000, 0x0000000100000000)
  eden space 1536K, 100% used [0x00000000d5580000,0x00000000d5700000,0x00000000d5700000)
  from space 1024K, 100% used [0x00000000d5780000,0x00000000d5880000,0x00000000d5880000)
  to   space 2560K, 0% used [0x00000000d5980000,0x00000000d5980000,0x00000000d5c00000)
 ParOldGen       total 183808K, used 183503K [0x0000000080000000, 0x000000008b380000, 0x00000000d5580000)
  object space 183808K, 99% used [0x0000000080000000,0x000000008b333f68,0x000000008b380000)
 Metaspace       used 83652K, committed 85312K, reserved 1179648K
  class space    used 8776K, committed 9472K, reserved 1048576K
}
Event: 918.250 GC heap after
{Heap after GC invocations=318 (full 4):
 PSYoungGen      total 4096K, used 1536K [0x00000000d5580000, 0x00000000d5b80000, 0x0000000100000000)
  eden space 2048K, 0% used [0x00000000d5580000,0x00000000d5580000,0x00000000d5780000)
  from space 2048K, 75% used [0x00000000d5980000,0x00000000d5b00000,0x00000000d5b80000)
  to   space 2048K, 0% used [0x00000000d5780000,0x00000000d5780000,0x00000000d5980000)
 ParOldGen       total 184832K, used 184543K [0x0000000080000000, 0x000000008b480000, 0x00000000d5580000)
  object space 184832K, 99% used [0x0000000080000000,0x000000008b437f68,0x000000008b480000)
 Metaspace       used 83652K, committed 85312K, reserved 1179648K
  class space    used 8776K, committed 9472K, reserved 1048576K
}
Event: 918.262 GC heap before
{Heap before GC invocations=319 (full 4):
 PSYoungGen      total 4096K, used 3584K [0x00000000d5580000, 0x00000000d5b80000, 0x0000000100000000)
  eden space 2048K, 100% used [0x00000000d5580000,0x00000000d5780000,0x00000000d5780000)
  from space 2048K, 75% used [0x00000000d5980000,0x00000000d5b00000,0x00000000d5b80000)
  to   space 2048K, 0% used [0x00000000d5780000,0x00000000d5780000,0x00000000d5980000)
 ParOldGen       total 184832K, used 184543K [0x0000000080000000, 0x000000008b480000, 0x00000000d5580000)
  object space 184832K, 99% used [0x0000000080000000,0x000000008b437f68,0x000000008b480000)
 Metaspace       used 83652K, committed 85312K, reserved 1179648K
  class space    used 8776K, committed 9472K, reserved 1048576K
}
Event: 918.269 GC heap after
{Heap after GC invocations=319 (full 4):
 PSYoungGen      total 4096K, used 1998K [0x00000000d5580000, 0x00000000d5d00000, 0x0000000100000000)
  eden space 2048K, 0% used [0x00000000d5580000,0x00000000d5580000,0x00000000d5780000)
  from space 2048K, 97% used [0x00000000d5780000,0x00000000d5973b90,0x00000000d5980000)
  to   space 2560K, 0% used [0x00000000d5a80000,0x00000000d5a80000,0x00000000d5d00000)
 ParOldGen       total 186368K, used 186055K [0x0000000080000000, 0x000000008b600000, 0x00000000d5580000)
  object space 186368K, 99% used [0x0000000080000000,0x000000008b5b1f68,0x000000008b600000)
 Metaspace       used 83652K, committed 85312K, reserved 1179648K
  class space    used 8776K, committed 9472K, reserved 1048576K
}
Event: 918.284 GC heap before
{Heap before GC invocations=320 (full 4):
 PSYoungGen      total 4096K, used 4046K [0x00000000d5580000, 0x00000000d5d00000, 0x0000000100000000)
  eden space 2048K, 100% used [0x00000000d5580000,0x00000000d5780000,0x00000000d5780000)
  from space 2048K, 97% used [0x00000000d5780000,0x00000000d5973b90,0x00000000d5980000)
  to   space 2560K, 0% used [0x00000000d5a80000,0x00000000d5a80000,0x00000000d5d00000)
 ParOldGen       total 186368K, used 186055K [0x0000000080000000, 0x000000008b600000, 0x00000000d5580000)
  object space 186368K, 99% used [0x0000000080000000,0x000000008b5b1f68,0x000000008b600000)
 Metaspace       used 83652K, committed 85312K, reserved 1179648K
  class space    used 8776K, committed 9472K, reserved 1048576K
}
Event: 918.292 GC heap after
{Heap after GC invocations=320 (full 4):
 PSYoungGen      total 4608K, used 2016K [0x00000000d5580000, 0x00000000d5c80000, 0x0000000100000000)
  eden space 2560K, 0% used [0x00000000d5580000,0x00000000d5580000,0x00000000d5800000)
  from space 2048K, 98% used [0x00000000d5a80000,0x00000000d5c78000,0x00000000d5c80000)
  to   space 2048K, 0% used [0x00000000d5880000,0x00000000d5880000,0x00000000d5a80000)
 ParOldGen       total 188416K, used 188014K [0x0000000080000000, 0x000000008b800000, 0x00000000d5580000)
  object space 188416K, 99% used [0x0000000080000000,0x000000008b79baf8,0x000000008b800000)
 Metaspace       used 83652K, committed 85312K, reserved 1179648K
  class space    used 8776K, committed 9472K, reserved 1048576K
}
Event: 918.309 GC heap before
{Heap before GC invocations=321 (full 4):
 PSYoungGen      total 4608K, used 4576K [0x00000000d5580000, 0x00000000d5c80000, 0x0000000100000000)
  eden space 2560K, 100% used [0x00000000d5580000,0x00000000d5800000,0x00000000d5800000)
  from space 2048K, 98% used [0x00000000d5a80000,0x00000000d5c78000,0x00000000d5c80000)
  to   space 2048K, 0% used [0x00000000d5880000,0x00000000d5880000,0x00000000d5a80000)
 ParOldGen       total 188416K, used 188014K [0x0000000080000000, 0x000000008b800000, 0x00000000d5580000)
  object space 188416K, 99% used [0x0000000080000000,0x000000008b79baf8,0x000000008b800000)
 Metaspace       used 83652K, committed 85312K, reserved 1179648K
  class space    used 8776K, committed 9472K, reserved 1048576K
}
Event: 918.317 GC heap after
{Heap after GC invocations=321 (full 4):
 PSYoungGen      total 5120K, used 2030K [0x00000000d5580000, 0x00000000d6180000, 0x0000000100000000)
  eden space 3072K, 0% used [0x00000000d5580000,0x00000000d5580000,0x00000000d5880000)
  from space 2048K, 99% used [0x00000000d5880000,0x00000000d5a7bbb0,0x00000000d5a80000)
  to   space 4608K, 0% used [0x00000000d5d00000,0x00000000d5d00000,0x00000000d6180000)
 ParOldGen       total 190464K, used 190038K [0x0000000080000000, 0x000000008ba00000, 0x00000000d5580000)
  object space 190464K, 99% used [0x0000000080000000,0x000000008b995af8,0x000000008ba00000)
 Metaspace       used 83652K, committed 85312K, reserved 1179648K
  class space    used 8776K, committed 9472K, reserved 1048576K
}
Event: 918.333 GC heap before
{Heap before GC invocations=322 (full 4):
 PSYoungGen      total 5120K, used 5102K [0x00000000d5580000, 0x00000000d6180000, 0x0000000100000000)
  eden space 3072K, 100% used [0x00000000d5580000,0x00000000d5880000,0x00000000d5880000)
  from space 2048K, 99% used [0x00000000d5880000,0x00000000d5a7bbb0,0x00000000d5a80000)
  to   space 4608K, 0% used [0x00000000d5d00000,0x00000000d5d00000,0x00000000d6180000)
 ParOldGen       total 190464K, used 190038K [0x0000000080000000, 0x000000008ba00000, 0x00000000d5580000)
  object space 190464K, 99% used [0x0000000080000000,0x000000008b995af8,0x000000008ba00000)
 Metaspace       used 83652K, committed 85312K, reserved 1179648K
  class space    used 8776K, committed 9472K, reserved 1048576K
}
Event: 918.337 GC heap after
{Heap after GC invocations=322 (full 4):
 PSYoungGen      total 5632K, used 1294K [0x00000000d5580000, 0x00000000d5e80000, 0x0000000100000000)
  eden space 4096K, 0% used [0x00000000d5580000,0x00000000d5580000,0x00000000d5980000)
  from space 1536K, 84% used [0x00000000d5d00000,0x00000000d5e43b90,0x00000000d5e80000)
  to   space 2560K, 0% used [0x00000000d5980000,0x00000000d5980000,0x00000000d5c00000)
 ParOldGen       total 190464K, used 190163K [0x0000000080000000, 0x000000008ba00000, 0x00000000d5580000)
  object space 190464K, 99% used [0x0000000080000000,0x000000008b9b4f98,0x000000008ba00000)
 Metaspace       used 83652K, committed 85312K, reserved 1179648K
  class space    used 8776K, committed 9472K, reserved 1048576K
}

Dll operation events (12 events):
Event: 0.027 Loaded shared library c:\Users\HP\.vscode\extensions\redhat.java-1.53.0-win32-x64\jre\21.0.10-win32-x86_64\bin\java.dll
Event: 0.902 Loaded shared library c:\Users\HP\.vscode\extensions\redhat.java-1.53.0-win32-x64\jre\21.0.10-win32-x86_64\bin\zip.dll
Event: 2.009 Loaded shared library C:\Users\HP\.vscode\extensions\redhat.java-1.53.0-win32-x64\jre\21.0.10-win32-x86_64\bin\instrument.dll
Event: 2.021 Loaded shared library C:\Users\HP\.vscode\extensions\redhat.java-1.53.0-win32-x64\jre\21.0.10-win32-x86_64\bin\net.dll
Event: 2.075 Loaded shared library C:\Users\HP\.vscode\extensions\redhat.java-1.53.0-win32-x64\jre\21.0.10-win32-x86_64\bin\nio.dll
Event: 2.285 Loaded shared library C:\Users\HP\.vscode\extensions\redhat.java-1.53.0-win32-x64\jre\21.0.10-win32-x86_64\bin\zip.dll
Event: 2.317 Loaded shared library C:\Users\HP\.vscode\extensions\redhat.java-1.53.0-win32-x64\jre\21.0.10-win32-x86_64\bin\jimage.dll
Event: 5.043 Loaded shared library c:\Users\HP\.vscode\extensions\redhat.java-1.53.0-win32-x64\jre\21.0.10-win32-x86_64\bin\verify.dll
Event: 16.697 Loaded shared library C:\Users\HP\AppData\Roaming\Code\User\globalStorage\redhat.java\1.53.0\config_win\org.eclipse.equinox.launcher\org.eclipse.equinox.launcher.win32.win32.x86_64_1.3.0.v20260203-2149\eclipse_11919.dll
Event: 22.790 Loaded shared library C:\Users\HP\AppData\Local\Temp\jna-2312\jna9155202057000457827.dll
Event: 339.045 Loaded shared library C:\Users\HP\.vscode\extensions\redhat.java-1.53.0-win32-x64\jre\21.0.10-win32-x86_64\bin\sunmscapi.dll
Event: 339.967 Loaded shared library C:\Users\HP\.vscode\extensions\redhat.java-1.53.0-win32-x64\jre\21.0.10-win32-x86_64\bin\extnet.dll

Deoptimization events (20 events):
Event: 902.922 Thread 0x000001fc4ae17870 Uncommon trap: trap_request=0xffffff45 fr.pc=0x000001fc788c94bc relative=0x000000000000027c
Event: 902.922 Thread 0x000001fc4ae17870 Uncommon trap: reason=unstable_if action=reinterpret pc=0x000001fc788c94bc method=java.util.concurrent.ConcurrentHashMap.get(Ljava/lang/Object;)Ljava/lang/Object; @ 86 c2
Event: 902.922 Thread 0x000001fc4ae17870 DEOPT PACKING pc=0x000001fc788c94bc sp=0x0000008a029fe850
Event: 902.922 Thread 0x000001fc4ae17870 DEOPT UNPACKING pc=0x000001fc77a83a9c sp=0x0000008a029fe7b8 mode 2
Event: 905.452 Thread 0x000001fc4c6a2bf0 DEOPT PACKING pc=0x000001fc72aeda1c sp=0x0000008a043fe6b0
Event: 905.452 Thread 0x000001fc4c6a2bf0 DEOPT UNPACKING pc=0x000001fc77a84223 sp=0x0000008a043fdc60 mode 0
Event: 905.480 Thread 0x000001fc4c6a2bf0 DEOPT PACKING pc=0x000001fc711fb348 sp=0x0000008a043fe970
Event: 905.480 Thread 0x000001fc4c6a2bf0 DEOPT UNPACKING pc=0x000001fc77a84223 sp=0x0000008a043fde60 mode 0
Event: 907.786 Thread 0x000001fc4b89eb00 Uncommon trap: trap_request=0xffffff6e fr.pc=0x000001fc78f78a14 relative=0x0000000000000b34
Event: 907.787 Thread 0x000001fc4b89eb00 Uncommon trap: reason=loop_limit_check action=maybe_recompile pc=0x000001fc78f78a14 method=org.eclipse.jdt.internal.compiler.SourceElementParser.constructTypeReference(I)Lorg/eclipse/jdt/internal/compiler/ast/TypeReference; @ 760 c2
Event: 907.787 Thread 0x000001fc4b89eb00 DEOPT PACKING pc=0x000001fc78f78a14 sp=0x0000008a04afecb0
Event: 907.787 Thread 0x000001fc4b89eb00 DEOPT UNPACKING pc=0x000001fc77a83a9c sp=0x0000008a04afec60 mode 2
Event: 912.473 Thread 0x000001fc4ae18c20 Uncommon trap: trap_request=0xffffff45 fr.pc=0x000001fc781055e4 relative=0x0000000000000a64
Event: 912.473 Thread 0x000001fc4ae18c20 Uncommon trap: reason=unstable_if action=reinterpret pc=0x000001fc781055e4 method=java.util.concurrent.ConcurrentHashMap.transfer([Ljava/util/concurrent/ConcurrentHashMap$Node;[Ljava/util/concurrent/ConcurrentHashMap$Node;)V @ 352 c2
Event: 912.473 Thread 0x000001fc4ae18c20 DEOPT PACKING pc=0x000001fc781055e4 sp=0x0000008a029fe040
Event: 912.473 Thread 0x000001fc4ae18c20 DEOPT UNPACKING pc=0x000001fc77a83a9c sp=0x0000008a029fdfa8 mode 2
Event: 918.295 Thread 0x000001fc4ae17870 Uncommon trap: trap_request=0xffffff45 fr.pc=0x000001fc78b9e73c relative=0x0000000000003b5c
Event: 918.295 Thread 0x000001fc4ae17870 Uncommon trap: reason=unstable_if action=reinterpret pc=0x000001fc78b9e73c method=org.eclipse.jdt.internal.core.SearchableEnvironment$4.acceptType(I[C[C[[CLjava/lang/String;Lorg/eclipse/jdt/internal/compiler/env/AccessRestriction;)V @ 4 c2
Event: 918.295 Thread 0x000001fc4ae17870 DEOPT PACKING pc=0x000001fc78b9e73c sp=0x0000008a029fe7d0
Event: 918.295 Thread 0x000001fc4ae17870 DEOPT UNPACKING pc=0x000001fc77a83a9c sp=0x0000008a029fe7e8 mode 2

Classes loaded (20 events):
Event: 803.787 Loading class java/util/function/LongFunction
Event: 803.788 Loading class java/util/function/LongFunction done
Event: 803.789 Loading class java/util/stream/Nodes$ConcNode
Event: 803.795 Loading class java/util/stream/Nodes$AbstractConcNode
Event: 803.796 Loading class java/util/stream/Nodes$AbstractConcNode done
Event: 803.796 Loading class java/util/stream/Nodes$ConcNode done
Event: 804.080 Loading class java/util/stream/Nodes$ToArrayTask$OfRef
Event: 804.080 Loading class java/util/stream/Nodes$ToArrayTask
Event: 804.088 Loading class java/util/stream/Nodes$ToArrayTask done
Event: 804.089 Loading class java/util/stream/Nodes$ToArrayTask$OfRef done
Event: 804.125 Loading class java/io/ObjectOutputStream$BlockDataOutputStream
Event: 804.127 Loading class java/io/ObjectOutputStream$BlockDataOutputStream done
Event: 804.127 Loading class java/io/ObjectOutputStream$HandleTable
Event: 804.136 Loading class java/io/ObjectOutputStream$HandleTable done
Event: 804.136 Loading class java/io/ObjectOutputStream$ReplaceTable
Event: 804.136 Loading class java/io/ObjectOutputStream$ReplaceTable done
Event: 902.914 Loading class java/util/concurrent/ConcurrentHashMap$TreeNode
Event: 902.916 Loading class java/util/concurrent/ConcurrentHashMap$TreeNode done
Event: 902.916 Loading class java/util/concurrent/ConcurrentHashMap$TreeBin
Event: 902.918 Loading class java/util/concurrent/ConcurrentHashMap$TreeBin done

Classes unloaded (8 events):
Event: 25.494 Thread 0x000001fc6d3bd530 Unloading class 0x000001fc051ad400 'java/lang/invoke/LambdaForm$MH+0x000001fc051ad400'
Event: 25.494 Thread 0x000001fc6d3bd530 Unloading class 0x000001fc051ad000 'java/lang/invoke/LambdaForm$MH+0x000001fc051ad000'
Event: 25.494 Thread 0x000001fc6d3bd530 Unloading class 0x000001fc051acc00 'java/lang/invoke/LambdaForm$MH+0x000001fc051acc00'
Event: 25.494 Thread 0x000001fc6d3bd530 Unloading class 0x000001fc051ac800 'java/lang/invoke/LambdaForm$MH+0x000001fc051ac800'
Event: 25.494 Thread 0x000001fc6d3bd530 Unloading class 0x000001fc051ac400 'java/lang/invoke/LambdaForm$BMH+0x000001fc051ac400'
Event: 25.494 Thread 0x000001fc6d3bd530 Unloading class 0x000001fc051ac000 'java/lang/invoke/LambdaForm$DMH+0x000001fc051ac000'
Event: 25.494 Thread 0x000001fc6d3bd530 Unloading class 0x000001fc051aac00 'java/lang/invoke/LambdaForm$DMH+0x000001fc051aac00'
Event: 60.162 Thread 0x000001fc6d3bd530 Unloading class 0x000001fc0568c800 'java/lang/invoke/LambdaForm$DMH+0x000001fc0568c800'

Classes redefined (0 events):
No events

Internal exceptions (20 events):
Event: 901.445 Thread 0x000001fc4b89dde0 Exception <a 'java/lang/ArrayIndexOutOfBoundsException'{0x00000000d576b320}> (0x00000000d576b320) 
thrown [s\src\hotspot\share\runtime\sharedRuntime.cpp, line 625]
Event: 905.431 Thread 0x000001fc4b89dde0 Exception <a 'java/lang/ArrayIndexOutOfBoundsException'{0x00000000d5639070}> (0x00000000d5639070) 
thrown [s\src\hotspot\share\runtime\sharedRuntime.cpp, line 625]
Event: 905.431 Thread 0x000001fc4b89dde0 Exception <a 'java/lang/ArrayIndexOutOfBoundsException'{0x00000000d56396a8}> (0x00000000d56396a8) 
thrown [s\src\hotspot\share\runtime\sharedRuntime.cpp, line 625]
Event: 905.431 Thread 0x000001fc4b89dde0 Exception <a 'java/lang/ArrayIndexOutOfBoundsException'{0x00000000d5639a30}> (0x00000000d5639a30) 
thrown [s\src\hotspot\share\runtime\sharedRuntime.cpp, line 625]
Event: 906.515 Thread 0x000001fc4b89dde0 Exception <a 'java/lang/ArrayIndexOutOfBoundsException'{0x00000000d55d8050}> (0x00000000d55d8050) 
thrown [s\src\hotspot\share\runtime\sharedRuntime.cpp, line 625]
Event: 906.515 Thread 0x000001fc4b89dde0 Exception <a 'java/lang/ArrayIndexOutOfBoundsException'{0x00000000d55d8688}> (0x00000000d55d8688) 
thrown [s\src\hotspot\share\runtime\sharedRuntime.cpp, line 625]
Event: 906.515 Thread 0x000001fc4b89dde0 Exception <a 'java/lang/ArrayIndexOutOfBoundsException'{0x00000000d55d8a10}> (0x00000000d55d8a10) 
thrown [s\src\hotspot\share\runtime\sharedRuntime.cpp, line 625]
Event: 909.316 Thread 0x000001fc4b89dde0 Exception <a 'java/lang/ArrayIndexOutOfBoundsException'{0x00000000d567a518}> (0x00000000d567a518) 
thrown [s\src\hotspot\share\runtime\sharedRuntime.cpp, line 625]
Event: 909.316 Thread 0x000001fc4b89dde0 Exception <a 'java/lang/ArrayIndexOutOfBoundsException'{0x00000000d567adc8}> (0x00000000d567adc8) 
thrown [s\src\hotspot\share\runtime\sharedRuntime.cpp, line 625]
Event: 909.316 Thread 0x000001fc4b89dde0 Exception <a 'java/lang/ArrayIndexOutOfBoundsException'{0x00000000d567b150}> (0x00000000d567b150) 
thrown [s\src\hotspot\share\runtime\sharedRuntime.cpp, line 625]
Event: 911.598 Thread 0x000001fc4b89dde0 Exception <a 'java/lang/ArrayIndexOutOfBoundsException'{0x00000000d56d5350}> (0x00000000d56d5350) 
thrown [s\src\hotspot\share\runtime\sharedRuntime.cpp, line 625]
Event: 911.598 Thread 0x000001fc4b89dde0 Exception <a 'java/lang/ArrayIndexOutOfBoundsException'{0x00000000d56d5988}> (0x00000000d56d5988) 
thrown [s\src\hotspot\share\runtime\sharedRuntime.cpp, line 625]
Event: 911.598 Thread 0x000001fc4b89dde0 Exception <a 'java/lang/ArrayIndexOutOfBoundsException'{0x00000000d56d5d10}> (0x00000000d56d5d10) 
thrown [s\src\hotspot\share\runtime\sharedRuntime.cpp, line 625]
Event: 913.262 Thread 0x000001fc4b89dde0 Exception <a 'java/lang/ArrayIndexOutOfBoundsException'{0x00000000d56ada38}> (0x00000000d56ada38) 
thrown [s\src\hotspot\share\runtime\sharedRuntime.cpp, line 625]
Event: 913.262 Thread 0x000001fc4b89dde0 Exception <a 'java/lang/ArrayIndexOutOfBoundsException'{0x00000000d56ae070}> (0x00000000d56ae070) 
thrown [s\src\hotspot\share\runtime\sharedRuntime.cpp, line 625]
Event: 913.262 Thread 0x000001fc4b89dde0 Exception <a 'java/lang/ArrayIndexOutOfBoundsException'{0x00000000d56ae638}> (0x00000000d56ae638) 
thrown [s\src\hotspot\share\runtime\sharedRuntime.cpp, line 625]
Event: 913.438 Thread 0x000001fc4b89dde0 Exception <a 'java/lang/ArrayIndexOutOfBoundsException'{0x00000000d55fda10}> (0x00000000d55fda10) 
thrown [s\src\hotspot\share\runtime\sharedRuntime.cpp, line 625]
Event: 913.438 Thread 0x000001fc4b89dde0 Exception <a 'java/lang/ArrayIndexOutOfBoundsException'{0x00000000d55fe2b8}> (0x00000000d55fe2b8) 
thrown [s\src\hotspot\share\runtime\sharedRuntime.cpp, line 625]
Event: 913.438 Thread 0x000001fc4b89dde0 Exception <a 'java/lang/ArrayIndexOutOfBoundsException'{0x00000000d55fe640}> (0x00000000d55fe640) 
thrown [s\src\hotspot\share\runtime\sharedRuntime.cpp, line 625]
Event: 918.295 Thread 0x000001fc4ae17870 Implicit null exception at 0x000001fc78b9ac39 to 0x000001fc78b9e72c

ZGC Phase Switch (0 events):
No events

VM Operations (20 events):
Event: 918.221 Executing safepoint VM operation: ParallelGCFailedAllocation (Allocation Failure)
Event: 918.223 Executing safepoint VM operation: ParallelGCFailedAllocation (Allocation Failure) done
Event: 918.232 Executing safepoint VM operation: ParallelGCFailedAllocation (Allocation Failure)
Event: 918.236 Executing safepoint VM operation: ParallelGCFailedAllocation (Allocation Failure) done
Event: 918.244 Executing safepoint VM operation: ParallelGCFailedAllocation (Allocation Failure)
Event: 918.250 Executing safepoint VM operation: ParallelGCFailedAllocation (Allocation Failure) done
Event: 918.262 Executing safepoint VM operation: ParallelGCFailedAllocation (Allocation Failure)
Event: 918.269 Executing safepoint VM operation: ParallelGCFailedAllocation (Allocation Failure) done
Event: 918.284 Executing safepoint VM operation: ParallelGCFailedAllocation (Allocation Failure)
Event: 918.292 Executing safepoint VM operation: ParallelGCFailedAllocation (Allocation Failure) done
Event: 918.309 Executing safepoint VM operation: ParallelGCFailedAllocation (Allocation Failure)
Event: 918.317 Executing safepoint VM operation: ParallelGCFailedAllocation (Allocation Failure) done
Event: 918.333 Executing safepoint VM operation: ParallelGCFailedAllocation (Allocation Failure)
Event: 918.337 Executing safepoint VM operation: ParallelGCFailedAllocation (Allocation Failure) done
Event: 919.350 Executing safepoint VM operation: Cleanup
Event: 919.350 Executing safepoint VM operation: Cleanup done
Event: 961.802 Executing non-safepoint VM operation: HandshakeAllThreads (HandshakeForDeflation)
Event: 961.802 Executing non-safepoint VM operation: HandshakeAllThreads (HandshakeForDeflation) done
Event: 961.802 Executing non-safepoint VM operation: RendezvousGCThreads
Event: 961.802 Executing non-safepoint VM operation: RendezvousGCThreads done

Memory protections (0 events):
No events

Nmethod flushes (20 events):
Event: 433.273 Thread 0x000001fc6d3bd530 flushing  nmethod 0x000001fc71440b90
Event: 433.273 Thread 0x000001fc6d3bd530 flushing  nmethod 0x000001fc7144a990
Event: 433.273 Thread 0x000001fc6d3bd530 flushing  nmethod 0x000001fc7144e410
Event: 433.273 Thread 0x000001fc6d3bd530 flushing osr nmethod 0x000001fc7144e990
Event: 433.273 Thread 0x000001fc6d3bd530 flushing  nmethod 0x000001fc71461c10
Event: 433.273 Thread 0x000001fc6d3bd530 flushing  nmethod 0x000001fc71462690
Event: 433.273 Thread 0x000001fc6d3bd530 flushing  nmethod 0x000001fc71493c90
Event: 433.273 Thread 0x000001fc6d3bd530 flushing  nmethod 0x000001fc71495d90
Event: 433.273 Thread 0x000001fc6d3bd530 flushing  nmethod 0x000001fc71496810
Event: 433.273 Thread 0x000001fc6d3bd530 flushing  nmethod 0x000001fc7149a490
Event: 433.273 Thread 0x000001fc6d3bd530 flushing  nmethod 0x000001fc7149b990
Event: 433.273 Thread 0x000001fc6d3bd530 flushing  nmethod 0x000001fc7149d190
Event: 433.273 Thread 0x000001fc6d3bd530 flushing  nmethod 0x000001fc7149e210
Event: 433.273 Thread 0x000001fc6d3bd530 flushing  nmethod 0x000001fc714c2190
Event: 433.273 Thread 0x000001fc6d3bd530 flushing  nmethod 0x000001fc714dca10
Event: 433.273 Thread 0x000001fc6d3bd530 flushing  nmethod 0x000001fc714e5710
Event: 433.273 Thread 0x000001fc6d3bd530 flushing  nmethod 0x000001fc714e6f90
Event: 433.273 Thread 0x000001fc6d3bd530 flushing  nmethod 0x000001fc714e7310
Event: 433.273 Thread 0x000001fc6d3bd530 flushing  nmethod 0x000001fc714f7d90
Event: 433.273 Thread 0x000001fc6d3bd530 flushing  nmethod 0x000001fc714f9610

Events (20 events):
Event: 916.383 Thread 0x000001fc4b89dde0 Thread added: 0x000001fc4ae17870
Event: 916.384 Thread 0x000001fc4b89dde0 Thread added: 0x000001fc4ae18c20
Event: 916.400 Thread 0x000001fc4ae17870 Thread exited: 0x000001fc4ae17870
Event: 916.403 Thread 0x000001fc4ae18c20 Thread exited: 0x000001fc4ae18c20
Event: 916.650 Thread 0x000001fc4b89dde0 Thread added: 0x000001fc4ae19fd0
Event: 916.668 Thread 0x000001fc4ae19fd0 Thread exited: 0x000001fc4ae19fd0
Event: 916.724 Thread 0x000001fc4b89dde0 Thread added: 0x000001fc4ae17870
Event: 916.763 Thread 0x000001fc4b89dde0 Thread added: 0x000001fc4ae18c20
Event: 916.763 Thread 0x000001fc4ae17870 Thread exited: 0x000001fc4ae17870
Event: 916.788 Thread 0x000001fc4ae18c20 Thread exited: 0x000001fc4ae18c20
Event: 918.213 Thread 0x000001fc4b89dde0 Thread added: 0x000001fc4ae17870
Event: 918.295 Thread 0x000001fc4ae17870 Thread exited: 0x000001fc4ae17870
Event: 918.297 Thread 0x000001fc4b89dde0 Thread added: 0x000001fc4ae18c20
Event: 918.359 Thread 0x000001fc4ae18c20 Thread exited: 0x000001fc4ae18c20
Event: 918.376 Thread 0x000001fc4b89dde0 Thread added: 0x000001fc4ae19fd0
Event: 918.395 Thread 0x000001fc4ae19fd0 Thread exited: 0x000001fc4ae19fd0
Event: 942.624 Thread 0x000001fc4b89dde0 Thread added: 0x000001fc4ae19fd0
Event: 942.636 Thread 0x000001fc4ae19fd0 Thread exited: 0x000001fc4ae19fd0
Event: 962.143 Thread 0x000001fc4ae192b0 Thread exited: 0x000001fc4ae192b0
Event: 978.568 Thread 0x000001fc4c6a2bf0 Thread exited: 0x000001fc4c6a2bf0


Dynamic libraries:
0x00007ff7cae40000 - 0x00007ff7cae4e000 	c:\Users\HP\.vscode\extensions\redhat.java-1.53.0-win32-x64\jre\21.0.10-win32-x86_64\bin\java.exe
0x00007ff8e8140000 - 0x00007ff8e83a7000 	C:\WINDOWS\SYSTEM32\ntdll.dll
0x00007ff8e6290000 - 0x00007ff8e6359000 	C:\WINDOWS\System32\KERNEL32.DLL
0x00007ff8e5990000 - 0x00007ff8e5d81000 	C:\WINDOWS\System32\KERNELBASE.dll
0x00007ff8e4b90000 - 0x00007ff8e4cdb000 	C:\WINDOWS\System32\ucrtbase.dll
0x00007ff8d4c30000 - 0x00007ff8d4c48000 	c:\Users\HP\.vscode\extensions\redhat.java-1.53.0-win32-x64\jre\21.0.10-win32-x86_64\bin\jli.dll
0x00007ff8e63e0000 - 0x00007ff8e65a5000 	C:\WINDOWS\System32\USER32.dll
0x00007ff8e5550000 - 0x00007ff8e5577000 	C:\WINDOWS\System32\win32u.dll
0x00007ff8e6be0000 - 0x00007ff8e6c0b000 	C:\WINDOWS\System32\GDI32.dll
0x00007ff8e5630000 - 0x00007ff8e575b000 	C:\WINDOWS\System32\gdi32full.dll
0x00007ff8e5580000 - 0x00007ff8e5623000 	C:\WINDOWS\System32\msvcp_win.dll
0x00007ff8d4c10000 - 0x00007ff8d4c2e000 	c:\Users\HP\.vscode\extensions\redhat.java-1.53.0-win32-x64\jre\21.0.10-win32-x86_64\bin\VCRUNTIME140.dll
0x00007ff8cb3a0000 - 0x00007ff8cb633000 	C:\WINDOWS\WinSxS\amd64_microsoft.windows.common-controls_6595b64144ccf1df_6.0.26100.8037_none_3e092faae333b53b\COMCTL32.dll
0x00007ff8e6190000 - 0x00007ff8e6239000 	C:\WINDOWS\System32\msvcrt.dll
0x00007ff8e80c0000 - 0x00007ff8e80f1000 	C:\WINDOWS\System32\IMM32.DLL
0x00007ff8d4c00000 - 0x00007ff8d4c0c000 	c:\Users\HP\.vscode\extensions\redhat.java-1.53.0-win32-x64\jre\21.0.10-win32-x86_64\bin\vcruntime140_1.dll
0x00007ff882f30000 - 0x00007ff882fbd000 	c:\Users\HP\.vscode\extensions\redhat.java-1.53.0-win32-x64\jre\21.0.10-win32-x86_64\bin\msvcp140.dll
0x00007ff824380000 - 0x00007ff825121000 	c:\Users\HP\.vscode\extensions\redhat.java-1.53.0-win32-x64\jre\21.0.10-win32-x86_64\bin\server\jvm.dll
0x00007ff8e7c70000 - 0x00007ff8e7d2b000 	C:\WINDOWS\System32\ADVAPI32.dll
0x00007ff8e6690000 - 0x00007ff8e6737000 	C:\WINDOWS\System32\sechost.dll
0x00007ff8e6ac0000 - 0x00007ff8e6bd8000 	C:\WINDOWS\System32\RPCRT4.dll
0x00007ff8e7bf0000 - 0x00007ff8e7c64000 	C:\WINDOWS\System32\WS2_32.dll
0x00007ff8e4880000 - 0x00007ff8e48de000 	C:\WINDOWS\SYSTEM32\POWRPROF.dll
0x00007ff8cb640000 - 0x00007ff8cb675000 	C:\WINDOWS\SYSTEM32\WINMM.dll
0x00007ff8d5650000 - 0x00007ff8d565b000 	C:\WINDOWS\SYSTEM32\VERSION.dll
0x00007ff8e4860000 - 0x00007ff8e4874000 	C:\WINDOWS\SYSTEM32\UMPDC.dll
0x00007ff8e37b0000 - 0x00007ff8e37cb000 	C:\WINDOWS\SYSTEM32\kernel.appcore.dll
0x00007ff8b0ce0000 - 0x00007ff8b0cea000 	c:\Users\HP\.vscode\extensions\redhat.java-1.53.0-win32-x64\jre\21.0.10-win32-x86_64\bin\jimage.dll
0x00007ff8e2b70000 - 0x00007ff8e2db2000 	C:\WINDOWS\SYSTEM32\DBGHELP.DLL
0x00007ff8e7d30000 - 0x00007ff8e80b2000 	C:\WINDOWS\System32\combase.dll
0x00007ff8e68e0000 - 0x00007ff8e69b7000 	C:\WINDOWS\System32\OLEAUT32.dll
0x00007ff8ca7c0000 - 0x00007ff8ca7fb000 	C:\WINDOWS\SYSTEM32\dbgcore.DLL
0x00007ff8e58e0000 - 0x00007ff8e5985000 	C:\WINDOWS\System32\bcryptPrimitives.dll
0x00007ff8b0cd0000 - 0x00007ff8b0cdf000 	c:\Users\HP\.vscode\extensions\redhat.java-1.53.0-win32-x64\jre\21.0.10-win32-x86_64\bin\instrument.dll
0x00007ff8b0c70000 - 0x00007ff8b0c90000 	c:\Users\HP\.vscode\extensions\redhat.java-1.53.0-win32-x64\jre\21.0.10-win32-x86_64\bin\java.dll
0x00007ff8e7480000 - 0x00007ff8e7bdf000 	C:\WINDOWS\System32\SHELL32.dll
0x00007ff8e4a20000 - 0x00007ff8e4b8a000 	C:\WINDOWS\System32\wintypes.dll
0x00007ff8e4ce0000 - 0x00007ff8e5544000 	C:\WINDOWS\System32\windows.storage.dll
0x00007ff8e6770000 - 0x00007ff8e6867000 	C:\WINDOWS\System32\SHCORE.dll
0x00007ff8e6870000 - 0x00007ff8e68d7000 	C:\WINDOWS\System32\shlwapi.dll
0x00007ff8e4940000 - 0x00007ff8e4969000 	C:\WINDOWS\SYSTEM32\profapi.dll
0x00007ff8b0c50000 - 0x00007ff8b0c68000 	c:\Users\HP\.vscode\extensions\redhat.java-1.53.0-win32-x64\jre\21.0.10-win32-x86_64\bin\zip.dll
0x00007ff8b0cc0000 - 0x00007ff8b0cd0000 	C:\Users\HP\.vscode\extensions\redhat.java-1.53.0-win32-x64\jre\21.0.10-win32-x86_64\bin\net.dll
0x00007ff8d8b00000 - 0x00007ff8d8c27000 	C:\WINDOWS\SYSTEM32\WINHTTP.dll
0x00007ff8e3d20000 - 0x00007ff8e3d8b000 	C:\WINDOWS\system32\mswsock.dll
0x00007ff89f090000 - 0x00007ff89f0a6000 	C:\Users\HP\.vscode\extensions\redhat.java-1.53.0-win32-x64\jre\21.0.10-win32-x86_64\bin\nio.dll
0x00007ff8a3d60000 - 0x00007ff8a3d70000 	c:\Users\HP\.vscode\extensions\redhat.java-1.53.0-win32-x64\jre\21.0.10-win32-x86_64\bin\verify.dll
0x00007ff855580000 - 0x00007ff8555c5000 	C:\Users\HP\AppData\Roaming\Code\User\globalStorage\redhat.java\1.53.0\config_win\org.eclipse.equinox.launcher\org.eclipse.equinox.launcher.win32.win32.x86_64_1.3.0.v20260203-2149\eclipse_11919.dll
0x00007ff8e7180000 - 0x00007ff8e7315000 	C:\WINDOWS\System32\ole32.dll
0x00007ff8e4000000 - 0x00007ff8e401b000 	C:\WINDOWS\SYSTEM32\CRYPTSP.dll
0x00007ff8e3710000 - 0x00007ff8e3749000 	C:\WINDOWS\system32\rsaenh.dll
0x00007ff8e3dd0000 - 0x00007ff8e3e02000 	C:\WINDOWS\SYSTEM32\USERENV.dll
0x00007ff8e4910000 - 0x00007ff8e493a000 	C:\WINDOWS\SYSTEM32\bcrypt.dll
0x00007ff8e4020000 - 0x00007ff8e402c000 	C:\WINDOWS\SYSTEM32\CRYPTBASE.dll
0x00007ff8e3270000 - 0x00007ff8e32a3000 	C:\WINDOWS\SYSTEM32\IPHLPAPI.DLL
0x00007ff8e7170000 - 0x00007ff8e717a000 	C:\WINDOWS\System32\NSI.dll
0x00007ff855530000 - 0x00007ff855579000 	C:\Users\HP\AppData\Local\Temp\jna-2312\jna9155202057000457827.dll
0x00007ff8e7140000 - 0x00007ff8e7148000 	C:\WINDOWS\System32\PSAPI.DLL
0x00007ff8d8dc0000 - 0x00007ff8d8ddd000 	C:\WINDOWS\SYSTEM32\dhcpcsvc6.DLL
0x00007ff8d8ad0000 - 0x00007ff8d8af3000 	C:\WINDOWS\SYSTEM32\dhcpcsvc.DLL
0x00007ff8ba850000 - 0x00007ff8ba85e000 	C:\Users\HP\.vscode\extensions\redhat.java-1.53.0-win32-x64\jre\21.0.10-win32-x86_64\bin\sunmscapi.dll
0x00007ff8e5760000 - 0x00007ff8e58d7000 	C:\WINDOWS\System32\CRYPT32.dll
0x00007ff8e4220000 - 0x00007ff8e4250000 	C:\WINDOWS\SYSTEM32\ncrypt.dll
0x00007ff8e41d0000 - 0x00007ff8e420f000 	C:\WINDOWS\SYSTEM32\NTASN1.dll
0x00007ff8e32b0000 - 0x00007ff8e33da000 	C:\WINDOWS\SYSTEM32\DNSAPI.dll
0x00007ff8ccad0000 - 0x00007ff8ccadb000 	C:\Windows\System32\rasadhlp.dll
0x00007ff8d5cb0000 - 0x00007ff8d5d36000 	C:\WINDOWS\System32\fwpuclnt.dll
0x00007ff8a3dd0000 - 0x00007ff8a3dd9000 	C:\Users\HP\.vscode\extensions\redhat.java-1.53.0-win32-x64\jre\21.0.10-win32-x86_64\bin\extnet.dll

JVMTI agents:
c:\Users\HP\.vscode\extensions\redhat.java-1.53.0-win32-x64\lombok\lombok-1.18.39-4050.jar path:c:\Users\HP\.vscode\extensions\redhat.java-1.53.0-win32-x64\jre\21.0.10-win32-x86_64\bin\instrument.dll, loaded, initialized, instrumentlib options:none

dbghelp: loaded successfully - version: 4.0.5 - missing functions: none
symbol engine: initialized successfully - sym options: 0x614 - pdb path: .;c:\Users\HP\.vscode\extensions\redhat.java-1.53.0-win32-x64\jre\21.0.10-win32-x86_64\bin;C:\WINDOWS\SYSTEM32;C:\WINDOWS\WinSxS\amd64_microsoft.windows.common-controls_6595b64144ccf1df_6.0.26100.8037_none_3e092faae333b53b;c:\Users\HP\.vscode\extensions\redhat.java-1.53.0-win32-x64\jre\21.0.10-win32-x86_64\bin\server;C:\Users\HP\AppData\Roaming\Code\User\globalStorage\redhat.java\1.53.0\config_win\org.eclipse.equinox.launcher\org.eclipse.equinox.launcher.win32.win32.x86_64_1.3.0.v20260203-2149;C:\Users\HP\AppData\Local\Temp\jna-2312

VM Arguments:
jvm_args: --add-modules=ALL-SYSTEM --add-opens=java.base/java.util=ALL-UNNAMED --add-opens=java.base/java.lang=ALL-UNNAMED --add-opens=java.base/sun.nio.fs=ALL-UNNAMED -Declipse.application=org.eclipse.jdt.ls.core.id1 -Dosgi.bundles.defaultStartLevel=4 -Declipse.product=org.eclipse.jdt.ls.core.product -Djava.import.generatesMetadataFilesAtProjectRoot=false -DDetectVMInstallationsJob.disabled=true -Dfile.encoding=utf8 -XX:+UseParallelGC -XX:GCTimeRatio=4 -XX:AdaptiveSizePolicyWeight=90 -Dsun.zip.disableMemoryMapping=true -Xmx2G -Xms100m -Xlog:disable -javaagent:c:\Users\HP\.vscode\extensions\redhat.java-1.53.0-win32-x64\lombok\lombok-1.18.39-4050.jar -XX:+HeapDumpOnOutOfMemoryError -XX:HeapDumpPath=c:\Users\HP\AppData\Roaming\Code\User\workspaceStorage\00f7675852a983da2a4f8b6830971500\redhat.java -Daether.dependencyCollector.impl=bf 
java_command: c:\Users\HP\.vscode\extensions\redhat.java-1.53.0-win32-x64\server\plugins\org.eclipse.equinox.launcher_1.7.100.v20251111-0406.jar -configuration c:\Users\HP\AppData\Roaming\Code\User\globalStorage\redhat.java\1.53.0\config_win -data c:\Users\HP\AppData\Roaming\Code\User\workspaceStorage\00f7675852a983da2a4f8b6830971500\redhat.java\jdt_ws --pipe=\\.\pipe\lsp-9ca53781d3b95f0c6f8a770f974418a9-sock
java_class_path (initial): c:\Users\HP\.vscode\extensions\redhat.java-1.53.0-win32-x64\server\plugins\org.eclipse.equinox.launcher_1.7.100.v20251111-0406.jar
Launcher Type: SUN_STANDARD

[Global flags]
    uintx AdaptiveSizePolicyWeight                 = 90                                        {product} {command line}
     intx CICompilerCount                          = 2                                         {product} {ergonomic}
    uintx GCTimeRatio                              = 4                                         {product} {command line}
     bool HeapDumpOnOutOfMemoryError               = true                                   {manageable} {command line}
    ccstr HeapDumpPath                             = c:\Users\HP\AppData\Roaming\Code\User\workspaceStorage\00f7675852a983da2a4f8b6830971500\redhat.java         {manageable} {command line}
   size_t InitialHeapSize                          = 104857600                                 {product} {command line}
   size_t MaxHeapSize                              = 2147483648                                {product} {command line}
   size_t MaxNewSize                               = 715653120                                 {product} {ergonomic}
   size_t MinHeapDeltaBytes                        = 524288                                    {product} {ergonomic}
   size_t MinHeapSize                              = 104857600                                 {product} {command line}
   size_t NewSize                                  = 34603008                                  {product} {ergonomic}
    uintx NonNMethodCodeHeapSize                   = 5826188                                {pd product} {ergonomic}
    uintx NonProfiledCodeHeapSize                  = 122916026                              {pd product} {ergonomic}
   size_t OldSize                                  = 70254592                                  {product} {ergonomic}
    uintx ProfiledCodeHeapSize                     = 122916026                              {pd product} {ergonomic}
    uintx ReservedCodeCacheSize                    = 251658240                              {pd product} {ergonomic}
     bool SegmentedCodeCache                       = true                                      {product} {ergonomic}
   size_t SoftMaxHeapSize                          = 2147483648                             {manageable} {ergonomic}
     bool UseCompressedOops                        = true                           {product lp64_product} {ergonomic}
     bool UseLargePagesIndividualAllocation        = false                                  {pd product} {ergonomic}
     bool UseParallelGC                            = true                                      {product} {command line}

Logging:
Log output configuration:
 #0: stdout all=off uptime,level,tags foldmultilines=false
 #1: stderr all=off uptime,level,tags foldmultilines=false

Release file:
JAVA_VERSION="21.0.10" 
MODULES="java.base java.compiler java.datatransfer java.xml java.prefs java.desktop java.instrument java.logging java.management java.security.sasl java.naming java.rmi java.management.rmi java.net.http java.scripting java.security.jgss java.transaction.xa java.sql java.sql.rowset java.xml.crypto java.se java.smartcardio jdk.accessibility jdk.internal.jvmstat jdk.attach jdk.charsets jdk.internal.opt jdk.zipfs jdk.compiler jdk.crypto.ec jdk.crypto.cryptoki jdk.crypto.mscapi jdk.dynalink jdk.internal.ed jdk.editpad jdk.hotspot.agent jdk.httpserver jdk.internal.le jdk.internal.vm.ci jdk.internal.vm.compiler jdk.internal.vm.compiler.management jdk.jartool jdk.javadoc jdk.jcmd jdk.management jdk.management.agent jdk.jconsole jdk.jdeps jdk.jdwp.agent jdk.jdi jdk.jfr jdk.jshell jdk.jsobject jdk.jstatd jdk.localedata jdk.management.jfr jdk.naming.dns jdk.naming.rmi jdk.net jdk.nio.mapmode jdk.random jdk.sctp jdk.security.auth jdk.security.jgss jdk.unsupported jdk.unsupported.desktop jdk.xml.dom" 

Environment Variables:
PATH=C:\Users\HP\AppData\Local\Programs\Microsoft VS Code;"C:\Python313\Scripts\;C:\Program Files\MySQL\MySQL Server 8.0\bin";C:\Python313\;C:\Program Files\Python312\Scripts\;C:\Program Files\Python312\;C:\WINDOWS\system32;C:\WINDOWS;C:\WINDOWS\System32\Wbem;C:\WINDOWS\System32\WindowsPowerShell\v1.0\;C:\WINDOWS\System32\OpenSSH\;C:\xampp\php;C:\composer;C:\MinGW\bin;C:\Program Files\nodejs\;C:\ProgramData\chocolatey\bin;C:\Program Files\MySQL\MySQL Server 8.0\bin;C:\Users\HP\AppData\Roaming\Python\Python312\Scripts;C:\Program Files\MongoDB\Server\8.0\bin;C:\devops\Git\cmd;"C:\Python313\Scripts\;C:\Program Files\MySQL\MySQL Server 8.0\bin";C:\Python313\;C:\Program Files\Python312\Scripts\;C:\Program Files\Python312\;C:\WINDOWS\system32;C:\WINDOWS;C:\WINDOWS\System32\Wbem;C:\WINDOWS\System32\WindowsPowerShell\v1.0\;C:\WINDOWS\System32\OpenSSH\;C:\xampp\php;C:\composer;C:\MinGW\bin;C:\Program Files\nodejs\;C:\ProgramData\chocolatey\bin;C:\Program Files\MySQL\MySQL Server 8.0\bin;C:\Users\HP\AppData\Roaming\Python\Python312\Scripts;C:\Program Files\MongoDB\Server\8.0\bin;C:\devops\Git\cmd;C:\sqlite;C:\Users\HP\AppData\Local\Programs\Microsoft VS Code\bin
USERNAME=HP
OS=Windows_NT
PROCESSOR_IDENTIFIER=Intel64 Family 6 Model 122 Stepping 8, GenuineIntel
TMP=C:\Users\HP\AppData\Local\Temp
TEMP=C:\Users\HP\AppData\Local\Temp




Periodic native trim disabled

---------------  S Y S T E M  ---------------

OS:
 Windows 11 , 64 bit Build 26100 (10.0.26100.7920)
OS uptime: 5 days 7:15 hours

CPU: total 2 (initial active 2) (2 cores per cpu, 1 threads per core) family 6 model 122 stepping 8 microcode 0x20, cx8, cmov, fxsr, mmx, 3dnowpref, sse, sse2, sse3, ssse3, sse4.1, sse4.2, popcnt, tsc, tscinvbit, aes, erms, clmul, sha, clflush, clflushopt, rdtscp, rdpid
Processor Information for the first 2 processors :
  Max Mhz: 1101, Current Mhz: 1101, Mhz Limit: 1101

Memory: 4k page, system-wide physical 8003M (620M free)
TotalPageFile size 11723M (AvailPageFile size 3M)
current process WorkingSet (physical memory assigned to process): 61M, peak: 367M
current process commit charge ("private bytes"): 509M, peak: 512M

vm_info: OpenJDK 64-Bit Server VM (21.0.10+7-LTS) for windows-amd64 JRE (21.0.10+7-LTS), built on 2026-01-20T00:00:00Z by "admin" with MS VC++ 17.12 (VS2022)

END.
